<?xml version="1.0" ?>
<root>
  <SENTENCE gorn="0">
    <S gorn="0">
      <NP gorn="0,0">
        <WORD ByteCount="9,12" gorn="0,0,0" lemma="the" pos="DT" sentenceWord="0" text="The" word="0"/>
        <WORD ByteCount="13,20" gorn="0,0,1" lemma="spanish" pos="JJ" sentenceWord="1" text="Spanish" word="1"/>
        <WORD ByteCount="21,27" gorn="0,0,2" lemma="author" pos="NN" sentenceWord="2" text="author" word="2"/>
        <WORD ByteCount="28,34" gorn="0,0,3" lemma="Camilo" pos="NNP" sentenceWord="3" text="Camilo" word="3"/>
        <WORD ByteCount="35,39" gorn="0,0,4" lemma="Jose" pos="NNP" sentenceWord="4" text="Jose" word="4"/>
        <WORD ByteCount="40,44" gorn="0,0,5" lemma="Cela" pos="NNP" sentenceWord="5" text="Cela" word="5"/>
      </NP>
      <VP gorn="0,1">
        <WORD ByteCount="45,48" gorn="0,1,0" lemma="win" pos="VBD" sentenceWord="6" text="won" word="6"/>
        <NP gorn="0,1,1">
          <WORD ByteCount="49,52" gorn="0,1,1,0" lemma="the" pos="DT" sentenceWord="7" text="the" word="7"/>
          <WORD ByteCount="53,58" gorn="0,1,1,1" lemma="Nobel" pos="NNP" sentenceWord="8" text="Nobel" word="8"/>
          <WORD ByteCount="59,64" gorn="0,1,1,2" lemma="Prize" pos="NNP" sentenceWord="9" text="Prize" word="9"/>
        </NP>
        <PP gorn="0,1,2">
          <WORD ByteCount="65,68" gorn="0,1,2,0" lemma="for" pos="IN" sentenceWord="10" text="for" word="10"/>
          <NP gorn="0,1,2,1">
            <WORD ByteCount="69,79" gorn="0,1,2,1,0" lemma="literature" pos="NN" sentenceWord="11" text="literature" word="11"/>
          </NP>
        </PP>
        <NP-TMP gorn="0,1,3">
          <WORD ByteCount="80,89" gorn="0,1,3,0" lemma="yesterday" pos="NN" sentenceWord="12" text="yesterday" word="12"/>
        </NP-TMP>
        <WORD ByteCount="89,90" gorn="0,1,4" lemma="," pos="," sentenceWord="13" text="," word="13"/>
        <NP gorn="0,1,5">
          <NP gorn="0,1,5,0">
            <WORD ByteCount="91,92" gorn="0,1,5,0,0" lemma="a" pos="DT" sentenceWord="14" text="a" word="14"/>
            <WORD ByteCount="93,103" gorn="0,1,5,0,1" lemma="surprising" pos="JJ" sentenceWord="15" text="surprising" word="15"/>
            <WORD ByteCount="104,110" gorn="0,1,5,0,2" lemma="choice" pos="NN" sentenceWord="16" text="choice" word="16"/>
          </NP>
          <WORD ByteCount="110,111" gorn="0,1,5,1" lemma="," pos="," sentenceWord="17" text="," word="17"/>
          <WORD ByteCount="112,115" gorn="0,1,5,2" lemma="but" pos="CC" sentenceWord="18" text="but" word="18"/>
          <PRN gorn="0,1,5,3">
            <PP gorn="0,1,5,3,0">
              <WORD ByteCount="116,121" gorn="0,1,5,3,0,0" lemma="give" pos="VBN" sentenceWord="19" text="given" word="19"/>
              <NP gorn="0,1,5,3,0,1">
                <NP gorn="0,1,5,3,0,1,0">
                  <WORD ByteCount="122,125" gorn="0,1,5,3,0,1,0,0" lemma="the" pos="DT" sentenceWord="20" text="the" word="20"/>
                  <WORD ByteCount="126,133" gorn="0,1,5,3,0,1,0,1" lemma="Swedish" pos="NNP" sentenceWord="21" text="Swedish" word="21"/>
                  <WORD ByteCount="134,141" gorn="0,1,5,3,0,1,0,2" lemma="Academy" pos="NNP" sentenceWord="22" text="Academy" word="22"/>
                  <WORD ByteCount="141,143" gorn="0,1,5,3,0,1,0,3" lemma="'s" pos="POS" sentenceWord="23" text="'s" word="23"/>
                </NP>
                <WORD ByteCount="144,148" gorn="0,1,5,3,0,1,1" lemma="past" pos="JJ" sentenceWord="24" text="past" word="24"/>
                <WORD ByteCount="149,161" gorn="0,1,5,3,0,1,2" lemma="perversity" pos="NNS" sentenceWord="25" text="perversities" word="25"/>
              </NP>
            </PP>
            <WORD ByteCount="161,162" gorn="0,1,5,3,1" lemma="," pos="," sentenceWord="26" text="," word="26"/>
          </PRN>
          <ADVP gorn="0,1,5,4">
            <WORD ByteCount="163,169" gorn="0,1,5,4,0" lemma="hardly" pos="RB" sentenceWord="27" text="hardly" word="27"/>
          </ADVP>
          <NP gorn="0,1,5,5">
            <NP gorn="0,1,5,5,0">
              <WORD ByteCount="170,173" gorn="0,1,5,5,0,0" lemma="the" pos="DT" sentenceWord="28" text="the" word="28"/>
              <ADJP gorn="0,1,5,5,0,1">
                <WORD ByteCount="174,178" gorn="0,1,5,5,0,1,0" lemma="most" pos="RBS" sentenceWord="29" text="most" word="29"/>
                <WORD ByteCount="179,189" gorn="0,1,5,5,0,1,1" lemma="undeserved" pos="JJ" sentenceWord="30" text="undeserved" word="30"/>
                <WORD ByteCount="190,193" gorn="0,1,5,5,0,1,2" lemma="and" pos="CC" sentenceWord="31" text="and" word="31"/>
                <WORD ByteCount="194,204" gorn="0,1,5,5,0,1,3" lemma="ridiculous" pos="JJ" sentenceWord="32" text="ridiculous" word="32"/>
              </ADJP>
              <WORD ByteCount="205,213" gorn="0,1,5,5,0,2" lemma="accolade" pos="NN" sentenceWord="33" text="accolade" word="33"/>
            </NP>
            <VP gorn="0,1,5,5,1">
              <WORD ByteCount="214,220" gorn="0,1,5,5,1,0" lemma="hand" pos="VBN" sentenceWord="34" text="handed" word="34"/>
              <PRT gorn="0,1,5,5,1,1">
                <WORD ByteCount="221,224" gorn="0,1,5,5,1,1,0" lemma="out" pos="RP" sentenceWord="35" text="out" word="35"/>
              </PRT>
              <PP gorn="0,1,5,5,1,2">
                <WORD ByteCount="225,227" gorn="0,1,5,5,1,2,0" lemma="by" pos="IN" sentenceWord="36" text="by" word="36"/>
                <NP gorn="0,1,5,5,1,2,1">
                  <WORD ByteCount="228,231" gorn="0,1,5,5,1,2,1,0" lemma="the" pos="DT" sentenceWord="37" text="the" word="37"/>
                  <WORD ByteCount="232,240" gorn="0,1,5,5,1,2,1,1" lemma="award" pos="VBG" sentenceWord="38" text="awarding" word="38"/>
                  <WORD ByteCount="241,250" gorn="0,1,5,5,1,2,1,2" lemma="committee" pos="NN" sentenceWord="39" text="committee" word="39"/>
                </NP>
              </PP>
            </VP>
          </NP>
        </NP>
      </VP>
      <WORD ByteCount="250,251" gorn="0,2" lemma="." pos="." sentenceWord="40" text="." word="40"/>
    </S>
  </SENTENCE>
  <SENTENCE gorn="1">
    <S gorn="1">
      <PP gorn="1,0">
        <WORD ByteCount="252,254" gorn="1,0,0" lemma="in" pos="IN" sentenceWord="0" text="In" word="41"/>
        <NP gorn="1,0,1">
          <WORD ByteCount="255,260" gorn="1,0,1,0" lemma="Spain" pos="NNP" sentenceWord="1" text="Spain" word="42"/>
        </NP>
      </PP>
      <WORD ByteCount="260,261" gorn="1,1" lemma="," pos="," sentenceWord="2" text="," word="43"/>
      <ADVP gorn="1,2">
        <WORD ByteCount="262,268" gorn="1,2,0" lemma="anyway" pos="RB" sentenceWord="3" text="anyway" word="44"/>
      </ADVP>
      <WORD ByteCount="268,269" gorn="1,3" lemma="," pos="," sentenceWord="4" text="," word="45"/>
      <NP gorn="1,4">
        <WORD ByteCount="270,273" gorn="1,4,0" lemma="the" pos="DT" sentenceWord="5" text="the" word="46"/>
        <WORD ByteCount="274,285" gorn="1,4,1" lemma="73-year-old" pos="JJ" sentenceWord="6" text="73-year-old" word="47"/>
        <WORD ByteCount="286,289" gorn="1,4,2" lemma="Mr." pos="NNP" sentenceWord="7" text="Mr." word="48"/>
        <WORD ByteCount="290,294" gorn="1,4,3" lemma="Cela" pos="NNP" sentenceWord="8" text="Cela" word="49"/>
      </NP>
      <VP gorn="1,5">
        <VP gorn="1,5,0">
          <WORD ByteCount="295,301" gorn="1,5,0,0" lemma="enjoy" pos="VBZ" sentenceWord="9" text="enjoys" word="50"/>
          <NP gorn="1,5,0,1">
            <NP gorn="1,5,0,1,0">
              <WORD ByteCount="302,306" gorn="1,5,0,1,0,0" lemma="some" pos="DT" sentenceWord="10" text="some" word="51"/>
              <WORD ByteCount="307,313" gorn="1,5,0,1,0,1" lemma="renown" pos="NN" sentenceWord="11" text="renown" word="52"/>
            </NP>
            <PP gorn="1,5,0,1,1">
              <WORD ByteCount="314,317" gorn="1,5,0,1,1,0" lemma="for" pos="IN" sentenceWord="12" text="for" word="53"/>
              <NP gorn="1,5,0,1,1,1">
                <WORD ByteCount="318,321" gorn="1,5,0,1,1,1,0" lemma="the" pos="DT" sentenceWord="13" text="the" word="54"/>
                <WORD ByteCount="322,328" gorn="1,5,0,1,1,1,1" lemma="novel" pos="NNS" sentenceWord="14" text="novels" word="55"/>
              </NP>
            </PP>
          </NP>
        </VP>
        <WORD ByteCount="329,332" gorn="1,5,1" lemma="and" pos="CC" sentenceWord="15" text="and" word="56"/>
        <VP gorn="1,5,2">
          <WORD ByteCount="333,339" gorn="1,5,2,0" lemma="travel" pos="VB" sentenceWord="16" text="travel" word="57"/>
          <NP gorn="1,5,2,1">
            <NP gorn="1,5,2,1,0">
              <WORD ByteCount="340,345" gorn="1,5,2,1,0,0" lemma="book" pos="NNS" sentenceWord="17" text="books" word="58"/>
            </NP>
            <SBAR gorn="1,5,2,1,1">
              <S gorn="1,5,2,1,1,0">
                <NP gorn="1,5,2,1,1,0,0">
                  <WORD ByteCount="346,348" gorn="1,5,2,1,1,0,0,0" lemma="he" pos="PRP" sentenceWord="18" text="he" word="59"/>
                </NP>
                <VP gorn="1,5,2,1,1,0,1">
                  <WORD ByteCount="349,354" gorn="1,5,2,1,1,0,1,0" lemma="write" pos="VBD" sentenceWord="19" text="wrote" word="60"/>
                  <PP gorn="1,5,2,1,1,0,1,1">
                    <WORD ByteCount="355,361" gorn="1,5,2,1,1,0,1,1,0" lemma="during" pos="IN" sentenceWord="20" text="during" word="61"/>
                    <NP gorn="1,5,2,1,1,0,1,1,1">
                      <NP gorn="1,5,2,1,1,0,1,1,1,0">
                        <WORD ByteCount="362,365" gorn="1,5,2,1,1,0,1,1,1,0,0" lemma="the" pos="DT" sentenceWord="21" text="the" word="62"/>
                        <WORD ByteCount="366,373" gorn="1,5,2,1,1,0,1,1,1,0,1" lemma="parched" pos="JJ" sentenceWord="22" text="parched" word="63"/>
                        <WORD ByteCount="374,380" gorn="1,5,2,1,1,0,1,1,1,0,2" lemma="Franco" pos="NNP" sentenceWord="23" text="Franco" word="64"/>
                        <WORD ByteCount="381,386" gorn="1,5,2,1,1,0,1,1,1,0,3" lemma="year" pos="NNS" sentenceWord="24" text="years" word="65"/>
                      </NP>
                      <WORD ByteCount="386,387" gorn="1,5,2,1,1,0,1,1,1,1" lemma="," pos="," sentenceWord="25" text="," word="66"/>
                      <NP gorn="1,5,2,1,1,0,1,1,1,2">
                        <WORD ByteCount="388,391" gorn="1,5,2,1,1,0,1,1,1,2,0" lemma="the" pos="DT" sentenceWord="26" text="the" word="67"/>
                        <WORD ByteCount="392,400" gorn="1,5,2,1,1,0,1,1,1,2,1" lemma="everyday" pos="JJ" sentenceWord="27" text="everyday" word="68"/>
                        <WORD ByteCount="401,408" gorn="1,5,2,1,1,0,1,1,1,2,2" lemma="poverty" pos="NN" sentenceWord="28" text="poverty" word="69"/>
                      </NP>
                      <WORD ByteCount="409,412" gorn="1,5,2,1,1,0,1,1,1,3" lemma="and" pos="CC" sentenceWord="29" text="and" word="70"/>
                      <NP gorn="1,5,2,1,1,0,1,1,1,4">
                        <NP gorn="1,5,2,1,1,0,1,1,1,4,0">
                          <WORD ByteCount="413,421" gorn="1,5,2,1,1,0,1,1,1,4,0,0" lemma="stagnant" pos="JJ" sentenceWord="30" text="stagnant" word="71"/>
                          <WORD ByteCount="422,432" gorn="1,5,2,1,1,0,1,1,1,4,0,1" lemma="atmosphere" pos="NN" sentenceWord="31" text="atmosphere" word="72"/>
                        </NP>
                        <SBAR gorn="1,5,2,1,1,0,1,1,1,4,1">
                          <WHPP gorn="1,5,2,1,1,0,1,1,1,4,1,0">
                            <WORD ByteCount="433,435" gorn="1,5,2,1,1,0,1,1,1,4,1,0,0" lemma="of" pos="IN" sentenceWord="32" text="of" word="73"/>
                            <WHNP gorn="1,5,2,1,1,0,1,1,1,4,1,0,1">
                              <WORD ByteCount="436,441" gorn="1,5,2,1,1,0,1,1,1,4,1,0,1,0" lemma="which" pos="WDT" sentenceWord="33" text="which" word="74"/>
                            </WHNP>
                          </WHPP>
                          <S gorn="1,5,2,1,1,0,1,1,1,4,1,1">
                            <NP gorn="1,5,2,1,1,0,1,1,1,4,1,1,0">
                              <WORD ByteCount="442,444" gorn="1,5,2,1,1,0,1,1,1,4,1,1,0,0" lemma="he" pos="PRP" sentenceWord="34" text="he" word="75"/>
                            </NP>
                            <VP gorn="1,5,2,1,1,0,1,1,1,4,1,1,1">
                              <WORD ByteCount="445,454" gorn="1,5,2,1,1,0,1,1,1,4,1,1,1,0" lemma="describe" pos="VBD" sentenceWord="35" text="described" word="76"/>
                              <PP gorn="1,5,2,1,1,0,1,1,1,4,1,1,1,1">
                                <WORD ByteCount="455,457" gorn="1,5,2,1,1,0,1,1,1,4,1,1,1,1,0" lemma="in" pos="IN" sentenceWord="36" text="in" word="77"/>
                                <NP gorn="1,5,2,1,1,0,1,1,1,4,1,1,1,1,1">
                                  <ADJP gorn="1,5,2,1,1,0,1,1,1,4,1,1,1,1,1,0">
                                    <WORD ByteCount="458,466" gorn="1,5,2,1,1,0,1,1,1,4,1,1,1,1,1,0,0" lemma="brutally" pos="RB" sentenceWord="37" text="brutally" word="78"/>
                                    <WORD ByteCount="467,473" gorn="1,5,2,1,1,0,1,1,1,4,1,1,1,1,1,0,1" lemma="direct" pos="JJ" sentenceWord="38" text="direct" word="79"/>
                                  </ADJP>
                                  <WORD ByteCount="473,474" gorn="1,5,2,1,1,0,1,1,1,4,1,1,1,1,1,1" lemma="," pos="," sentenceWord="39" text="," word="80"/>
                                  <WORD ByteCount="475,480" gorn="1,5,2,1,1,0,1,1,1,4,1,1,1,1,1,2" lemma="vivid" pos="JJ" sentenceWord="40" text="vivid" word="81"/>
                                  <WORD ByteCount="481,486" gorn="1,5,2,1,1,0,1,1,1,4,1,1,1,1,1,3" lemma="prose" pos="NN" sentenceWord="41" text="prose" word="82"/>
                                </NP>
                              </PP>
                              <WORD ByteCount="486,487" gorn="1,5,2,1,1,0,1,1,1,4,1,1,1,2" lemma="," pos="," sentenceWord="42" text="," word="83"/>
                              <S gorn="1,5,2,1,1,0,1,1,1,4,1,1,1,3">
                                <VP gorn="1,5,2,1,1,0,1,1,1,4,1,1,1,3,0">
                                  <WORD ByteCount="488,497" gorn="1,5,2,1,1,0,1,1,1,4,1,1,1,3,0,0" lemma="begin" pos="VBG" sentenceWord="43" text="beginning" word="84"/>
                                  <PP gorn="1,5,2,1,1,0,1,1,1,4,1,1,1,3,0,1">
                                    <WORD ByteCount="498,502" gorn="1,5,2,1,1,0,1,1,1,4,1,1,1,3,0,1,0" lemma="with" pos="IN" sentenceWord="44" text="with" word="85"/>
                                    <WORD ByteCount="503,504" gorn="1,5,2,1,1,0,1,1,1,4,1,1,1,3,0,1,1" lemma="``" pos="``" sentenceWord="45" text="``" word="86"/>
                                    <NP gorn="1,5,2,1,1,0,1,1,1,4,1,1,1,3,0,1,2">
                                      <NP gorn="1,5,2,1,1,0,1,1,1,4,1,1,1,3,0,1,2,0">
                                        <WORD ByteCount="504,507" gorn="1,5,2,1,1,0,1,1,1,4,1,1,1,3,0,1,2,0,0" lemma="the" pos="DT" sentenceWord="46" text="The" word="87"/>
                                        <WORD ByteCount="508,514" gorn="1,5,2,1,1,0,1,1,1,4,1,1,1,3,0,1,2,0,1" lemma="Family" pos="NNP" sentenceWord="47" text="Family" word="88"/>
                                      </NP>
                                      <PP gorn="1,5,2,1,1,0,1,1,1,4,1,1,1,3,0,1,2,1">
                                        <WORD ByteCount="515,517" gorn="1,5,2,1,1,0,1,1,1,4,1,1,1,3,0,1,2,1,0" lemma="of" pos="IN" sentenceWord="48" text="of" word="89"/>
                                        <NP gorn="1,5,2,1,1,0,1,1,1,4,1,1,1,3,0,1,2,1,1">
                                          <WORD ByteCount="518,524" gorn="1,5,2,1,1,0,1,1,1,4,1,1,1,3,0,1,2,1,1,0" lemma="Pascal" pos="NNP" sentenceWord="49" text="Pascal" word="90"/>
                                          <WORD ByteCount="525,531" gorn="1,5,2,1,1,0,1,1,1,4,1,1,1,3,0,1,2,1,1,1" lemma="Duarte" pos="NNP" sentenceWord="50" text="Duarte" word="91"/>
                                        </NP>
                                      </PP>
                                    </NP>
                                    <WORD ByteCount="531,532" gorn="1,5,2,1,1,0,1,1,1,4,1,1,1,3,0,1,3" lemma="''" pos="''" sentenceWord="51" text="''" word="92"/>
                                  </PP>
                                  <NP gorn="1,5,2,1,1,0,1,1,1,4,1,1,1,3,0,2">
                                    <WORD ByteCount="533,534" gorn="1,5,2,1,1,0,1,1,1,4,1,1,1,3,0,2,0" lemma="(" pos="CD" sentenceWord="52" text="(" word="93"/>
                                    <WORD ByteCount="534,538" gorn="1,5,2,1,1,0,1,1,1,4,1,1,1,3,0,2,1" lemma="1942" pos="CD" sentenceWord="53" text="1942" word="94"/>
                                    <WORD ByteCount="538,539" gorn="1,5,2,1,1,0,1,1,1,4,1,1,1,3,0,2,2" lemma=")" pos="NN" sentenceWord="54" text=")" word="95"/>
                                  </NP>
                                </VP>
                              </S>
                            </VP>
                          </S>
                        </SBAR>
                      </NP>
                    </NP>
                  </PP>
                </VP>
              </S>
            </SBAR>
          </NP>
        </VP>
      </VP>
      <WORD ByteCount="539,540" gorn="1,6" lemma="." pos="." sentenceWord="55" text="." word="96"/>
    </S>
  </SENTENCE>
  <SENTENCE gorn="2">
    <S gorn="2">
      <PP gorn="2,0">
        <WORD ByteCount="543,549" gorn="2,0,0" lemma="unlike" pos="IN" sentenceWord="0" text="Unlike" word="97"/>
        <NP gorn="2,0,1">
          <NP gorn="2,0,1,0">
            <WORD ByteCount="550,555" gorn="2,0,1,0,0" lemma="other" pos="JJ" sentenceWord="1" text="other" word="98"/>
            <WORD ByteCount="556,563" gorn="2,0,1,0,1" lemma="writer" pos="NNS" sentenceWord="2" text="writers" word="99"/>
          </NP>
          <SBAR gorn="2,0,1,1">
            <WHNP gorn="2,0,1,1,0">
              <WORD ByteCount="564,567" gorn="2,0,1,1,0,0" lemma="who" pos="WP" sentenceWord="3" text="who" word="100"/>
            </WHNP>
            <S gorn="2,0,1,1,1">
              <ADVP gorn="2,0,1,1,1,0">
                <WORD ByteCount="568,574" gorn="2,0,1,1,1,0,0" lemma="either" pos="CC" sentenceWord="4" text="either" word="101"/>
              </ADVP>
              <VP gorn="2,0,1,1,1,1">
                <VP gorn="2,0,1,1,1,1,0">
                  <WORD ByteCount="575,582" gorn="2,0,1,1,1,1,0,0" lemma="battle" pos="VBD" sentenceWord="5" text="battled" word="102"/>
                  <NP gorn="2,0,1,1,1,1,0,1">
                    <WORD ByteCount="583,586" gorn="2,0,1,1,1,1,0,1,0" lemma="the" pos="DT" sentenceWord="6" text="the" word="103"/>
                    <WORD ByteCount="587,595" gorn="2,0,1,1,1,1,0,1,1" lemma="fascist" pos="NNS" sentenceWord="7" text="fascists" word="104"/>
                  </NP>
                  <PP gorn="2,0,1,1,1,1,0,2">
                    <WORD ByteCount="596,602" gorn="2,0,1,1,1,1,0,2,0" lemma="during" pos="IN" sentenceWord="8" text="during" word="105"/>
                    <NP gorn="2,0,1,1,1,1,0,2,1">
                      <WORD ByteCount="603,606" gorn="2,0,1,1,1,1,0,2,1,0" lemma="the" pos="DT" sentenceWord="9" text="the" word="106"/>
                      <WORD ByteCount="607,612" gorn="2,0,1,1,1,1,0,2,1,1" lemma="civil" pos="JJ" sentenceWord="10" text="Civil" word="107"/>
                      <WORD ByteCount="613,616" gorn="2,0,1,1,1,1,0,2,1,2" lemma="war" pos="NN" sentenceWord="11" text="War" word="108"/>
                    </NP>
                  </PP>
                </VP>
                <WORD ByteCount="616,617" gorn="2,0,1,1,1,1,1" lemma="," pos="," sentenceWord="12" text="," word="109"/>
                <WORD ByteCount="618,620" gorn="2,0,1,1,1,1,2" lemma="or" pos="CC" sentenceWord="13" text="or" word="110"/>
                <VP gorn="2,0,1,1,1,1,3">
                  <WORD ByteCount="621,625" gorn="2,0,1,1,1,1,3,0" lemma="leave" pos="VBD" sentenceWord="14" text="left" word="111"/>
                  <NP gorn="2,0,1,1,1,1,3,1">
                    <NP gorn="2,0,1,1,1,1,3,1,0">
                      <WORD ByteCount="626,631" gorn="2,0,1,1,1,1,3,1,0,0" lemma="Spain" pos="NNP" sentenceWord="15" text="Spain" word="112"/>
                    </NP>
                    <SBAR gorn="2,0,1,1,1,1,3,1,1">
                      <WHADVP gorn="2,0,1,1,1,1,3,1,1,0">
                        <WORD ByteCount="632,636" gorn="2,0,1,1,1,1,3,1,1,0,0" lemma="when" pos="WRB" sentenceWord="16" text="when" word="113"/>
                      </WHADVP>
                      <S gorn="2,0,1,1,1,1,3,1,1,1">
                        <NP gorn="2,0,1,1,1,1,3,1,1,1,0">
                          <WORD ByteCount="637,643" gorn="2,0,1,1,1,1,3,1,1,1,0,0" lemma="Franco" pos="NNP" sentenceWord="17" text="Franco" word="114"/>
                        </NP>
                        <VP gorn="2,0,1,1,1,1,3,1,1,1,1">
                          <WORD ByteCount="644,653" gorn="2,0,1,1,1,1,3,1,1,1,1,0" lemma="triumph" pos="VBD" sentenceWord="18" text="triumphed" word="115"/>
                        </VP>
                      </S>
                    </SBAR>
                  </NP>
                </VP>
              </VP>
            </S>
          </SBAR>
        </NP>
      </PP>
      <WORD ByteCount="653,654" gorn="2,1" lemma="," pos="," sentenceWord="19" text="," word="116"/>
      <NP gorn="2,2">
        <WORD ByteCount="655,658" gorn="2,2,0" lemma="Mr." pos="NNP" sentenceWord="20" text="Mr." word="117"/>
        <WORD ByteCount="659,663" gorn="2,2,1" lemma="Cela" pos="NNP" sentenceWord="21" text="Cela" word="118"/>
      </NP>
      <VP gorn="2,3">
        <WORD ByteCount="664,670" gorn="2,3,0" lemma="fight" pos="VBD" sentenceWord="22" text="fought" word="119"/>
        <ADVP gorn="2,3,1">
          <WORD ByteCount="671,678" gorn="2,3,1,0" lemma="briefly" pos="NN" sentenceWord="23" text="briefly" word="120"/>
        </ADVP>
        <PP gorn="2,3,2">
          <WORD ByteCount="679,681" gorn="2,3,2,0" lemma="on" pos="IN" sentenceWord="24" text="on" word="121"/>
          <NP gorn="2,3,2,1">
            <NP gorn="2,3,2,1,0">
              <WORD ByteCount="682,685" gorn="2,3,2,1,0,0" lemma="the" pos="DT" sentenceWord="25" text="the" word="122"/>
              <WORD ByteCount="686,693" gorn="2,3,2,1,0,1" lemma="general" pos="NN" sentenceWord="26" text="general" word="123"/>
              <WORD ByteCount="693,695" gorn="2,3,2,1,0,2" lemma="'s" pos="POS" sentenceWord="27" text="'s" word="124"/>
            </NP>
            <WORD ByteCount="696,700" gorn="2,3,2,1,1" lemma="side" pos="NN" sentenceWord="28" text="side" word="125"/>
          </NP>
        </PP>
        <WORD ByteCount="700,701" gorn="2,3,3" lemma="," pos="," sentenceWord="29" text="," word="126"/>
        <NP gorn="2,3,4">
          <WORD ByteCount="702,704" gorn="2,3,4,0" lemma="no" pos="DT" sentenceWord="30" text="no" word="127"/>
          <WORD ByteCount="705,710" gorn="2,3,4,1" lemma="doubt" pos="NN" sentenceWord="31" text="doubt" word="128"/>
        </NP>
        <S gorn="2,3,5">
          <VP gorn="2,3,5,0">
            <WORD ByteCount="711,718" gorn="2,3,5,0,0" lemma="earn" pos="VBG" sentenceWord="32" text="earning" word="129"/>
            <SBAR gorn="2,3,5,0,1">
              <WORD ByteCount="719,723" gorn="2,3,5,0,1,0" lemma="with" pos="IN" sentenceWord="33" text="with" word="130"/>
              <S gorn="2,3,5,0,1,1">
                <NP gorn="2,3,5,0,1,1,0">
                  <WORD ByteCount="724,727" gorn="2,3,5,0,1,1,0,0" lemma="he" pos="PRP$" sentenceWord="34" text="his" word="131"/>
                  <WORD ByteCount="728,731" gorn="2,3,5,0,1,1,0,1" lemma="war" pos="NN" sentenceWord="35" text="war" word="132"/>
                </NP>
                <VP gorn="2,3,5,0,1,1,1">
                  <WORD ByteCount="732,737" gorn="2,3,5,0,1,1,1,0" lemma="wind" pos="VBD" sentenceWord="36" text="wound" word="133"/>
                  <NP gorn="2,3,5,0,1,1,1,1">
                    <WORD ByteCount="738,742" gorn="2,3,5,0,1,1,1,1,0" lemma="some" pos="DT" sentenceWord="37" text="some" word="134"/>
                    <WORD ByteCount="743,754" gorn="2,3,5,0,1,1,1,1,1" lemma="forbearance" pos="NN" sentenceWord="38" text="forbearance" word="135"/>
                  </NP>
                  <SBAR gorn="2,3,5,0,1,1,1,2">
                    <WHADVP gorn="2,3,5,0,1,1,1,2,0">
                      <WORD ByteCount="755,759" gorn="2,3,5,0,1,1,1,2,0,0" lemma="when" pos="WRB" sentenceWord="39" text="when" word="136"/>
                    </WHADVP>
                    <S gorn="2,3,5,0,1,1,1,2,1">
                      <NP gorn="2,3,5,0,1,1,1,2,1,0">
                        <WORD ByteCount="760,762" gorn="2,3,5,0,1,1,1,2,1,0,0" lemma="he" pos="PRP" sentenceWord="40" text="he" word="137"/>
                      </NP>
                      <VP gorn="2,3,5,0,1,1,1,2,1,1">
                        <WORD ByteCount="763,767" gorn="2,3,5,0,1,1,1,2,1,1,0" lemma="go" pos="VBD" sentenceWord="41" text="went" word="138"/>
                        <PP gorn="2,3,5,0,1,1,1,2,1,1,1">
                          <WORD ByteCount="768,770" gorn="2,3,5,0,1,1,1,2,1,1,1,0" lemma="on" pos="IN" sentenceWord="42" text="on" word="139"/>
                        </PP>
                        <S gorn="2,3,5,0,1,1,1,2,1,1,2">
                          <VP gorn="2,3,5,0,1,1,1,2,1,1,2,0">
                            <WORD ByteCount="771,773" gorn="2,3,5,0,1,1,1,2,1,1,2,0,0" lemma="to" pos="TO" sentenceWord="43" text="to" word="140"/>
                            <VP gorn="2,3,5,0,1,1,1,2,1,1,2,0,1">
                              <WORD ByteCount="774,780" gorn="2,3,5,0,1,1,1,2,1,1,2,0,1,0" lemma="depict" pos="VB" sentenceWord="44" text="depict" word="141"/>
                              <NP gorn="2,3,5,0,1,1,1,2,1,1,2,0,1,1">
                                <WORD ByteCount="781,782" gorn="2,3,5,0,1,1,1,2,1,1,2,0,1,1,0" lemma="a" pos="DT" sentenceWord="45" text="a" word="142"/>
                                <WORD ByteCount="783,790" gorn="2,3,5,0,1,1,1,2,1,1,2,0,1,1,1" lemma="country" pos="NN" sentenceWord="46" text="country" word="143"/>
                              </NP>
                              <PP gorn="2,3,5,0,1,1,1,2,1,1,2,0,1,2">
                                <WORD ByteCount="791,795" gorn="2,3,5,0,1,1,1,2,1,1,2,0,1,2,0" lemma="with" pos="IN" sentenceWord="47" text="with" word="144"/>
                                <S gorn="2,3,5,0,1,1,1,2,1,1,2,0,1,2,1">
                                  <NP gorn="2,3,5,0,1,1,1,2,1,1,2,0,1,2,1,0">
                                    <NP gorn="2,3,5,0,1,1,1,2,1,1,2,0,1,2,1,0,0">
                                      <WORD ByteCount="796,797" gorn="2,3,5,0,1,1,1,2,1,1,2,0,1,2,1,0,0,0" lemma="a" pos="DT" sentenceWord="48" text="a" word="145"/>
                                      <WORD ByteCount="798,802" gorn="2,3,5,0,1,1,1,2,1,1,2,0,1,2,1,0,0,1" lemma="high" pos="JJ" sentenceWord="49" text="high" word="146"/>
                                      <WORD ByteCount="803,813" gorn="2,3,5,0,1,1,1,2,1,1,2,0,1,2,1,0,0,2" lemma="population" pos="NN" sentenceWord="50" text="population" word="147"/>
                                    </NP>
                                    <PP gorn="2,3,5,0,1,1,1,2,1,1,2,0,1,2,1,0,1">
                                      <WORD ByteCount="814,816" gorn="2,3,5,0,1,1,1,2,1,1,2,0,1,2,1,0,1,0" lemma="of" pos="IN" sentenceWord="51" text="of" word="148"/>
                                      <NP gorn="2,3,5,0,1,1,1,2,1,1,2,0,1,2,1,0,1,1">
                                        <WORD ByteCount="817,826" gorn="2,3,5,0,1,1,1,2,1,1,2,0,1,2,1,0,1,1,0" lemma="vagabond" pos="NNS" sentenceWord="52" text="vagabonds" word="149"/>
                                        <WORD ByteCount="826,827" gorn="2,3,5,0,1,1,1,2,1,1,2,0,1,2,1,0,1,1,1" lemma="," pos="," sentenceWord="53" text="," word="150"/>
                                        <WORD ByteCount="828,837" gorn="2,3,5,0,1,1,1,2,1,1,2,0,1,2,1,0,1,1,2" lemma="murderer" pos="NNS" sentenceWord="54" text="murderers" word="151"/>
                                        <WORD ByteCount="838,841" gorn="2,3,5,0,1,1,1,2,1,1,2,0,1,2,1,0,1,1,3" lemma="and" pos="CC" sentenceWord="55" text="and" word="152"/>
                                        <WORD ByteCount="842,847" gorn="2,3,5,0,1,1,1,2,1,1,2,0,1,2,1,0,1,1,4" lemma="rural" pos="JJ" sentenceWord="56" text="rural" word="153"/>
                                        <WORD ByteCount="848,854" gorn="2,3,5,0,1,1,1,2,1,1,2,0,1,2,1,0,1,1,5" lemma="idiot" pos="NNS" sentenceWord="57" text="idiots" word="154"/>
                                      </NP>
                                    </PP>
                                  </NP>
                                  <VP gorn="2,3,5,0,1,1,1,2,1,1,2,0,1,2,1,1">
                                    <WORD ByteCount="855,863" gorn="2,3,5,0,1,1,1,2,1,1,2,0,1,2,1,1,0" lemma="trudge" pos="VBG" sentenceWord="58" text="trudging" word="155"/>
                                    <ADVP gorn="2,3,5,0,1,1,1,2,1,1,2,0,1,2,1,1,1">
                                      <WORD ByteCount="864,873" gorn="2,3,5,0,1,1,1,2,1,1,2,0,1,2,1,1,1,0" lemma="aimlessly" pos="RB" sentenceWord="59" text="aimlessly" word="156"/>
                                    </ADVP>
                                    <PP gorn="2,3,5,0,1,1,1,2,1,1,2,0,1,2,1,1,2">
                                      <WORD ByteCount="874,881" gorn="2,3,5,0,1,1,1,2,1,1,2,0,1,2,1,1,2,0" lemma="through" pos="IN" sentenceWord="60" text="through" word="157"/>
                                      <NP gorn="2,3,5,0,1,1,1,2,1,1,2,0,1,2,1,1,2,1">
                                        <WORD ByteCount="882,883" gorn="2,3,5,0,1,1,1,2,1,1,2,0,1,2,1,1,2,1,0" lemma="a" pos="DT" sentenceWord="61" text="a" word="158"/>
                                        <WORD ByteCount="884,893" gorn="2,3,5,0,1,1,1,2,1,1,2,0,1,2,1,1,2,1,1" lemma="dried-out" pos="JJ" sentenceWord="62" text="dried-out" word="159"/>
                                        <WORD ByteCount="894,898" gorn="2,3,5,0,1,1,1,2,1,1,2,0,1,2,1,1,2,1,2" lemma="land" pos="NN" sentenceWord="63" text="land" word="160"/>
                                      </NP>
                                    </PP>
                                  </VP>
                                </S>
                              </PP>
                            </VP>
                          </VP>
                        </S>
                      </VP>
                    </S>
                  </SBAR>
                </VP>
              </S>
            </SBAR>
          </VP>
        </S>
      </VP>
      <WORD ByteCount="898,899" gorn="2,4" lemma="." pos="." sentenceWord="64" text="." word="161"/>
    </S>
  </SENTENCE>
  <SENTENCE gorn="3">
    <S gorn="3">
      <ADVP gorn="3,0">
        <WORD ByteCount="900,905" gorn="3,0,0" lemma="still" pos="RB" sentenceWord="0" text="Still" word="162"/>
      </ADVP>
      <WORD ByteCount="905,906" gorn="3,1" lemma="," pos="," sentenceWord="1" text="," word="163"/>
      <NP gorn="3,2">
        <WORD ByteCount="907,909" gorn="3,2,0" lemma="it" pos="PRP" sentenceWord="2" text="it" word="164"/>
      </NP>
      <VP gorn="3,3">
        <WORD ByteCount="910,913" gorn="3,3,0" lemma="be" pos="VBD" sentenceWord="3" text="was" word="165"/>
        <PP gorn="3,3,1">
          <WORD ByteCount="914,916" gorn="3,3,1,0" lemma="in" pos="IN" sentenceWord="4" text="in" word="166"/>
          <NP gorn="3,3,1,1">
            <WORD ByteCount="917,926" gorn="3,3,1,1,0" lemma="argentine" pos="JJ" sentenceWord="5" text="Argentine" word="167"/>
            <WORD ByteCount="927,935" gorn="3,3,1,1,1" lemma="edition" pos="NNS" sentenceWord="6" text="editions" word="168"/>
          </NP>
        </PP>
        <SBAR gorn="3,3,2">
          <WORD ByteCount="936,940" gorn="3,3,2,0" lemma="that" pos="IN" sentenceWord="7" text="that" word="169"/>
          <S gorn="3,3,2,1">
            <NP gorn="3,3,2,1,0">
              <WORD ByteCount="941,944" gorn="3,3,2,1,0,0" lemma="he" pos="PRP$" sentenceWord="8" text="his" word="170"/>
              <WORD ByteCount="945,955" gorn="3,3,2,1,0,1" lemma="countryman" pos="NNS" sentenceWord="9" text="countrymen" word="171"/>
            </NP>
            <ADVP gorn="3,3,2,1,1">
              <WORD ByteCount="956,961" gorn="3,3,2,1,1,0" lemma="first" pos="RB" sentenceWord="10" text="first" word="172"/>
            </ADVP>
            <VP gorn="3,3,2,1,2">
              <WORD ByteCount="962,966" gorn="3,3,2,1,2,0" lemma="read" pos="VB" sentenceWord="11" text="read" word="173"/>
              <NP gorn="3,3,2,1,2,1">
                <NP gorn="3,3,2,1,2,1,0">
                  <NP gorn="3,3,2,1,2,1,0,0">
                    <WORD ByteCount="967,970" gorn="3,3,2,1,2,1,0,0,0" lemma="he" pos="PRP$" sentenceWord="12" text="his" word="174"/>
                    <WORD ByteCount="971,976" gorn="3,3,2,1,2,1,0,0,1" lemma="story" pos="NN" sentenceWord="13" text="story" word="175"/>
                  </NP>
                  <PP gorn="3,3,2,1,2,1,0,1">
                    <WORD ByteCount="977,979" gorn="3,3,2,1,2,1,0,1,0" lemma="of" pos="IN" sentenceWord="14" text="of" word="176"/>
                    <NP gorn="3,3,2,1,2,1,0,1,1">
                      <WORD ByteCount="980,986" gorn="3,3,2,1,2,1,0,1,1,0" lemma="Pascal" pos="NNP" sentenceWord="15" text="Pascal" word="177"/>
                      <WORD ByteCount="987,993" gorn="3,3,2,1,2,1,0,1,1,1" lemma="Duarte" pos="NNP" sentenceWord="16" text="Duarte" word="178"/>
                    </NP>
                  </PP>
                </NP>
                <WORD ByteCount="993,994" gorn="3,3,2,1,2,1,1" lemma="," pos="," sentenceWord="17" text="," word="179"/>
                <NP gorn="3,3,2,1,2,1,2">
                  <NP gorn="3,3,2,1,2,1,2,0">
                    <WORD ByteCount="995,996" gorn="3,3,2,1,2,1,2,0,0" lemma="a" pos="DT" sentenceWord="18" text="a" word="180"/>
                    <WORD ByteCount="997,1002" gorn="3,3,2,1,2,1,2,0,1" lemma="field" pos="NN" sentenceWord="19" text="field" word="181"/>
                    <WORD ByteCount="1003,1009" gorn="3,3,2,1,2,1,2,0,2" lemma="worker" pos="NN" sentenceWord="20" text="worker" word="182"/>
                  </NP>
                  <SBAR gorn="3,3,2,1,2,1,2,1">
                    <WHNP gorn="3,3,2,1,2,1,2,1,0">
                      <WORD ByteCount="1010,1013" gorn="3,3,2,1,2,1,2,1,0,0" lemma="who" pos="WP" sentenceWord="21" text="who" word="183"/>
                    </WHNP>
                    <S gorn="3,3,2,1,2,1,2,1,1">
                      <VP gorn="3,3,2,1,2,1,2,1,1,0">
                        <VP gorn="3,3,2,1,2,1,2,1,1,0,0">
                          <WORD ByteCount="1014,1021" gorn="3,3,2,1,2,1,2,1,1,0,0,0" lemma="stab" pos="VBD" sentenceWord="22" text="stabbed" word="184"/>
                          <NP gorn="3,3,2,1,2,1,2,1,1,0,0,1">
                            <WORD ByteCount="1022,1025" gorn="3,3,2,1,2,1,2,1,1,0,0,1,0" lemma="he" pos="PRP$" sentenceWord="23" text="his" word="185"/>
                            <WORD ByteCount="1026,1032" gorn="3,3,2,1,2,1,2,1,1,0,0,1,1" lemma="mother" pos="NN" sentenceWord="24" text="mother" word="186"/>
                          </NP>
                          <PP gorn="3,3,2,1,2,1,2,1,1,0,0,2">
                            <WORD ByteCount="1033,1035" gorn="3,3,2,1,2,1,2,1,1,0,0,2,0" lemma="to" pos="TO" sentenceWord="25" text="to" word="187"/>
                            <NP gorn="3,3,2,1,2,1,2,1,1,0,0,2,1">
                              <WORD ByteCount="1036,1041" gorn="3,3,2,1,2,1,2,1,1,0,0,2,1,0" lemma="death" pos="NN" sentenceWord="26" text="death" word="188"/>
                            </NP>
                          </PP>
                        </VP>
                        <WORD ByteCount="1042,1045" gorn="3,3,2,1,2,1,2,1,1,0,1" lemma="and" pos="CC" sentenceWord="27" text="and" word="189"/>
                        <VP gorn="3,3,2,1,2,1,2,1,1,0,2">
                          <WORD ByteCount="1046,1049" gorn="3,3,2,1,2,1,2,1,1,0,2,0" lemma="have" pos="VBZ" sentenceWord="28" text="has" word="190"/>
                          <NP gorn="3,3,2,1,2,1,2,1,1,0,2,1">
                            <WORD ByteCount="1050,1052" gorn="3,3,2,1,2,1,2,1,1,0,2,1,0" lemma="no" pos="DT" sentenceWord="29" text="no" word="191"/>
                            <WORD ByteCount="1053,1060" gorn="3,3,2,1,2,1,2,1,1,0,2,1,1" lemma="regret" pos="NNS" sentenceWord="30" text="regrets" word="192"/>
                          </NP>
                          <SBAR gorn="3,3,2,1,2,1,2,1,1,0,2,2">
                            <WORD ByteCount="1061,1063" gorn="3,3,2,1,2,1,2,1,1,0,2,2,0" lemma="as" pos="IN" sentenceWord="31" text="as" word="193"/>
                            <S gorn="3,3,2,1,2,1,2,1,1,0,2,2,1">
                              <NP gorn="3,3,2,1,2,1,2,1,1,0,2,2,1,0">
                                <WORD ByteCount="1064,1066" gorn="3,3,2,1,2,1,2,1,1,0,2,2,1,0,0" lemma="he" pos="PRP" sentenceWord="32" text="he" word="194"/>
                              </NP>
                              <VP gorn="3,3,2,1,2,1,2,1,1,0,2,2,1,1">
                                <WORD ByteCount="1067,1073" gorn="3,3,2,1,2,1,2,1,1,0,2,2,1,1,0" lemma="await" pos="VBZ" sentenceWord="33" text="awaits" word="195"/>
                                <NP gorn="3,3,2,1,2,1,2,1,1,0,2,2,1,1,1">
                                  <WORD ByteCount="1074,1077" gorn="3,3,2,1,2,1,2,1,1,0,2,2,1,1,1,0" lemma="he" pos="PRP$" sentenceWord="34" text="his" word="196"/>
                                  <WORD ByteCount="1078,1081" gorn="3,3,2,1,2,1,2,1,1,0,2,2,1,1,1,1" lemma="end" pos="NN" sentenceWord="35" text="end" word="197"/>
                                </NP>
                                <PP gorn="3,3,2,1,2,1,2,1,1,0,2,2,1,1,2">
                                  <WORD ByteCount="1082,1084" gorn="3,3,2,1,2,1,2,1,1,0,2,2,1,1,2,0" lemma="in" pos="IN" sentenceWord="36" text="in" word="198"/>
                                  <NP gorn="3,3,2,1,2,1,2,1,1,0,2,2,1,1,2,1">
                                    <WORD ByteCount="1085,1086" gorn="3,3,2,1,2,1,2,1,1,0,2,2,1,1,2,1,0" lemma="a" pos="DT" sentenceWord="37" text="a" word="199"/>
                                    <WORD ByteCount="1087,1093" gorn="3,3,2,1,2,1,2,1,1,0,2,2,1,1,2,1,1" lemma="prison" pos="NN" sentenceWord="38" text="prison" word="200"/>
                                    <WORD ByteCount="1094,1098" gorn="3,3,2,1,2,1,2,1,1,0,2,2,1,1,2,1,2" lemma="cell" pos="NN" sentenceWord="39" text="cell" word="201"/>
                                  </NP>
                                </PP>
                                <WORD ByteCount="1098,1099" gorn="3,3,2,1,2,1,2,1,1,0,2,2,1,1,3" lemma=":" pos=":" sentenceWord="40" text=":" word="202"/>
                                <WORD ByteCount="1100,1101" gorn="3,3,2,1,2,1,2,1,1,0,2,2,1,1,4" lemma="``" pos="``" sentenceWord="41" text="``" word="203"/>
                                <S gorn="3,3,2,1,2,1,2,1,1,0,2,2,1,1,5">
                                  <NP gorn="3,3,2,1,2,1,2,1,1,0,2,2,1,1,5,0">
                                    <WORD ByteCount="1101,1105" gorn="3,3,2,1,2,1,2,1,1,0,2,2,1,1,5,0,0" lemma="Fate" pos="NNP" sentenceWord="42" text="Fate" word="204"/>
                                  </NP>
                                  <VP gorn="3,3,2,1,2,1,2,1,1,0,2,2,1,1,5,1">
                                    <WORD ByteCount="1106,1113" gorn="3,3,2,1,2,1,2,1,1,0,2,2,1,1,5,1,0" lemma="direct" pos="VBZ" sentenceWord="43" text="directs" word="205"/>
                                    <NP gorn="3,3,2,1,2,1,2,1,1,0,2,2,1,1,5,1,1">
                                      <WORD ByteCount="1114,1118" gorn="3,3,2,1,2,1,2,1,1,0,2,2,1,1,5,1,1,0" lemma="some" pos="DT" sentenceWord="44" text="some" word="206"/>
                                      <WORD ByteCount="1119,1122" gorn="3,3,2,1,2,1,2,1,1,0,2,2,1,1,5,1,1,1" lemma="man" pos="NNS" sentenceWord="45" text="men" word="207"/>
                                    </NP>
                                    <PP gorn="3,3,2,1,2,1,2,1,1,0,2,2,1,1,5,1,2">
                                      <WORD ByteCount="1123,1127" gorn="3,3,2,1,2,1,2,1,1,0,2,2,1,1,5,1,2,0" lemma="down" pos="IN" sentenceWord="46" text="down" word="208"/>
                                      <NP gorn="3,3,2,1,2,1,2,1,1,0,2,2,1,1,5,1,2,1">
                                        <WORD ByteCount="1128,1131" gorn="3,3,2,1,2,1,2,1,1,0,2,2,1,1,5,1,2,1,0" lemma="the" pos="DT" sentenceWord="47" text="the" word="209"/>
                                        <WORD ByteCount="1132,1147" gorn="3,3,2,1,2,1,2,1,1,0,2,2,1,1,5,1,2,1,1" lemma="flower-bordered" pos="JJ" sentenceWord="48" text="flower-bordered" word="210"/>
                                        <WORD ByteCount="1148,1152" gorn="3,3,2,1,2,1,2,1,1,0,2,2,1,1,5,1,2,1,2" lemma="path" pos="NN" sentenceWord="49" text="path" word="211"/>
                                      </NP>
                                    </PP>
                                  </VP>
                                </S>
                              </VP>
                            </S>
                          </SBAR>
                        </VP>
                      </VP>
                    </S>
                  </SBAR>
                </NP>
                <WORD ByteCount="1152,1153" gorn="3,3,2,1,2,1,3" lemma="," pos="," sentenceWord="50" text="," word="212"/>
                <WORD ByteCount="1154,1157" gorn="3,3,2,1,2,1,4" lemma="and" pos="CC" sentenceWord="51" text="and" word="213"/>
                <NP gorn="3,3,2,1,2,1,5">
                  <NP gorn="3,3,2,1,2,1,5,0">
                    <WORD ByteCount="1158,1164" gorn="3,3,2,1,2,1,5,0,0" lemma="other" pos="NNS" sentenceWord="52" text="others" word="214"/>
                  </NP>
                  <VP gorn="3,3,2,1,2,1,5,1">
                    <ADVP gorn="3,3,2,1,2,1,5,1,0">
                      <WORD ByteCount="1165,1169" gorn="3,3,2,1,2,1,5,1,0,0" lemma="down" pos="IN" sentenceWord="53" text="down" word="215"/>
                      <NP gorn="3,3,2,1,2,1,5,1,0,1">
                        <WORD ByteCount="1170,1173" gorn="3,3,2,1,2,1,5,1,0,1,0" lemma="the" pos="DT" sentenceWord="54" text="the" word="216"/>
                        <WORD ByteCount="1174,1178" gorn="3,3,2,1,2,1,5,1,0,1,1" lemma="road" pos="NN" sentenceWord="55" text="road" word="217"/>
                      </NP>
                    </ADVP>
                    <WORD ByteCount="1179,1187" gorn="3,3,2,1,2,1,5,1,1" lemma="border" pos="VBN" sentenceWord="56" text="bordered" word="218"/>
                    <PP gorn="3,3,2,1,2,1,5,1,2">
                      <WORD ByteCount="1188,1192" gorn="3,3,2,1,2,1,5,1,2,0" lemma="with" pos="IN" sentenceWord="57" text="with" word="219"/>
                      <NP gorn="3,3,2,1,2,1,5,1,2,1">
                        <NP gorn="3,3,2,1,2,1,5,1,2,1,0">
                          <WORD ByteCount="1193,1201" gorn="3,3,2,1,2,1,5,1,2,1,0,0" lemma="thistle" pos="NNS" sentenceWord="58" text="thistles" word="220"/>
                        </NP>
                        <WORD ByteCount="1202,1205" gorn="3,3,2,1,2,1,5,1,2,1,1" lemma="and" pos="CC" sentenceWord="59" text="and" word="221"/>
                        <NP gorn="3,3,2,1,2,1,5,1,2,1,2">
                          <WORD ByteCount="1206,1213" gorn="3,3,2,1,2,1,5,1,2,1,2,0" lemma="prickly" pos="JJ" sentenceWord="60" text="prickly" word="222"/>
                          <WORD ByteCount="1214,1219" gorn="3,3,2,1,2,1,5,1,2,1,2,1" lemma="pear" pos="NNS" sentenceWord="61" text="pears" word="223"/>
                        </NP>
                      </NP>
                    </PP>
                  </VP>
                </NP>
              </NP>
            </VP>
          </S>
        </SBAR>
      </VP>
      <WORD ByteCount="1219,1220" gorn="3,4" lemma="." pos="." sentenceWord="62" text="." word="224"/>
    </S>
  </SENTENCE>
  <SENTENCE gorn="4">
    <S gorn="4">
      <NP gorn="4,0">
        <WORD ByteCount="1221,1224" gorn="4,0,0" lemma="the" pos="DT" sentenceWord="0" text="The" word="225"/>
        <WORD ByteCount="1225,1230" gorn="4,0,1" lemma="lucky" pos="JJ" sentenceWord="1" text="lucky" word="226"/>
        <WORD ByteCount="1231,1235" gorn="4,0,2" lemma="one" pos="NNS" sentenceWord="2" text="ones" word="227"/>
      </NP>
      <VP gorn="4,1">
        <WORD ByteCount="1236,1240" gorn="4,1,0" lemma="gaze" pos="VBP" sentenceWord="3" text="gaze" word="228"/>
        <PRT gorn="4,1,1">
          <WORD ByteCount="1241,1244" gorn="4,1,1,0" lemma="out" pos="RP" sentenceWord="4" text="out" word="229"/>
        </PRT>
        <PP gorn="4,1,2">
          <WORD ByteCount="1245,1247" gorn="4,1,2,0" lemma="at" pos="IN" sentenceWord="5" text="at" word="230"/>
          <NP gorn="4,1,2,1">
            <NP gorn="4,1,2,1,0">
              <NP gorn="4,1,2,1,0,0">
                <WORD ByteCount="1248,1252" gorn="4,1,2,1,0,0,0" lemma="life" pos="NN" sentenceWord="6" text="life" word="231"/>
              </NP>
              <PP gorn="4,1,2,1,0,1">
                <WORD ByteCount="1253,1257" gorn="4,1,2,1,0,1,0" lemma="with" pos="IN" sentenceWord="7" text="with" word="232"/>
                <NP gorn="4,1,2,1,0,1,1">
                  <WORD ByteCount="1258,1264" gorn="4,1,2,1,0,1,1,0" lemma="serene" pos="JJ" sentenceWord="8" text="serene" word="233"/>
                  <WORD ByteCount="1265,1269" gorn="4,1,2,1,0,1,1,1" lemma="eye" pos="NNS" sentenceWord="9" text="eyes" word="234"/>
                </NP>
              </PP>
            </NP>
            <WORD ByteCount="1270,1273" gorn="4,1,2,1,1" lemma="and" pos="CC" sentenceWord="10" text="and" word="235"/>
            <NP gorn="4,1,2,1,2">
              <NP gorn="4,1,2,1,2,0">
                <WORD ByteCount="1274,1279" gorn="4,1,2,1,2,0,0" lemma="smile" pos="NN" sentenceWord="11" text="smile" word="236"/>
              </NP>
              <PP gorn="4,1,2,1,2,1">
                <WORD ByteCount="1280,1284" gorn="4,1,2,1,2,1,0" lemma="with" pos="IN" sentenceWord="12" text="with" word="237"/>
                <NP gorn="4,1,2,1,2,1,1">
                  <NP gorn="4,1,2,1,2,1,1,0">
                    <WORD ByteCount="1285,1286" gorn="4,1,2,1,2,1,1,0,0" lemma="a" pos="DT" sentenceWord="13" text="a" word="238"/>
                    <WORD ByteCount="1287,1291" gorn="4,1,2,1,2,1,1,0,1" lemma="face" pos="NN" sentenceWord="14" text="face" word="239"/>
                  </NP>
                  <PP gorn="4,1,2,1,2,1,1,1">
                    <WORD ByteCount="1292,1294" gorn="4,1,2,1,2,1,1,1,0" lemma="of" pos="IN" sentenceWord="15" text="of" word="240"/>
                    <NP gorn="4,1,2,1,2,1,1,1,1">
                      <NP gorn="4,1,2,1,2,1,1,1,1,0">
                        <WORD ByteCount="1295,1304" gorn="4,1,2,1,2,1,1,1,1,0,0" lemma="innocence" pos="NN" sentenceWord="16" text="innocence" word="241"/>
                      </NP>
                      <PP gorn="4,1,2,1,2,1,1,1,1,1">
                        <WORD ByteCount="1305,1307" gorn="4,1,2,1,2,1,1,1,1,1,0" lemma="at" pos="IN" sentenceWord="17" text="at" word="242"/>
                        <NP gorn="4,1,2,1,2,1,1,1,1,1,1">
                          <WORD ByteCount="1308,1313" gorn="4,1,2,1,2,1,1,1,1,1,1,0" lemma="they" pos="PRP$" sentenceWord="18" text="their" word="243"/>
                          <WORD ByteCount="1314,1322" gorn="4,1,2,1,2,1,1,1,1,1,1,1" lemma="perfumed" pos="JJ" sentenceWord="19" text="perfumed" word="244"/>
                          <WORD ByteCount="1323,1332" gorn="4,1,2,1,2,1,1,1,1,1,1,2" lemma="happiness" pos="NN" sentenceWord="20" text="happiness" word="245"/>
                        </NP>
                      </PP>
                    </NP>
                  </PP>
                </NP>
              </PP>
            </NP>
          </NP>
        </PP>
      </VP>
      <WORD ByteCount="1332,1333" gorn="4,2" lemma="." pos="." sentenceWord="21" text="." word="246"/>
    </S>
  </SENTENCE>
  <SENTENCE gorn="5">
    <S gorn="5">
      <NP gorn="5,0">
        <WORD ByteCount="1334,1337" gorn="5,0,0" lemma="the" pos="DT" sentenceWord="0" text="The" word="247"/>
        <WORD ByteCount="1338,1344" gorn="5,0,1" lemma="other" pos="NNS" sentenceWord="1" text="others" word="248"/>
      </NP>
      <VP gorn="5,1">
        <VP gorn="5,1,0">
          <WORD ByteCount="1345,1351" gorn="5,1,0,0" lemma="endure" pos="VBP" sentenceWord="2" text="endure" word="249"/>
          <NP gorn="5,1,0,1">
            <NP gorn="5,1,0,1,0">
              <WORD ByteCount="1352,1355" gorn="5,1,0,1,0,0" lemma="the" pos="DT" sentenceWord="3" text="the" word="250"/>
              <WORD ByteCount="1356,1359" gorn="5,1,0,1,0,1" lemma="hot" pos="JJ" sentenceWord="4" text="hot" word="251"/>
              <WORD ByteCount="1360,1363" gorn="5,1,0,1,0,2" lemma="sun" pos="NN" sentenceWord="5" text="sun" word="252"/>
            </NP>
            <PP gorn="5,1,0,1,1">
              <WORD ByteCount="1364,1366" gorn="5,1,0,1,1,0" lemma="of" pos="IN" sentenceWord="6" text="of" word="253"/>
              <NP gorn="5,1,0,1,1,1">
                <WORD ByteCount="1367,1370" gorn="5,1,0,1,1,1,0" lemma="the" pos="DT" sentenceWord="7" text="the" word="254"/>
                <WORD ByteCount="1371,1377" gorn="5,1,0,1,1,1,1" lemma="plain" pos="NNS" sentenceWord="8" text="plains" word="255"/>
              </NP>
            </PP>
          </NP>
        </VP>
        <WORD ByteCount="1378,1381" gorn="5,1,1" lemma="and" pos="CC" sentenceWord="9" text="and" word="256"/>
        <VP gorn="5,1,2">
          <WORD ByteCount="1382,1387" gorn="5,1,2,0" lemma="scowl" pos="VBP" sentenceWord="10" text="scowl" word="257"/>
          <PP gorn="5,1,2,1">
            <WORD ByteCount="1388,1392" gorn="5,1,2,1,0" lemma="like" pos="IN" sentenceWord="11" text="like" word="258"/>
            <NP gorn="5,1,2,1,1">
              <WORD ByteCount="1393,1401" gorn="5,1,2,1,1,0" lemma="cornered" pos="JJ" sentenceWord="12" text="cornered" word="259"/>
              <WORD ByteCount="1402,1406" gorn="5,1,2,1,1,1" lemma="wild" pos="JJ" sentenceWord="13" text="wild" word="260"/>
              <WORD ByteCount="1407,1413" gorn="5,1,2,1,1,2" lemma="beast" pos="NNS" sentenceWord="14" text="beasts" word="261"/>
            </NP>
          </PP>
        </VP>
      </VP>
      <WORD ByteCount="1413,1414" gorn="5,2" lemma="." pos="." sentenceWord="15" text="." word="262"/>
      <WORD ByteCount="1414,1415" gorn="5,3" lemma="''" pos="''" sentenceWord="16" text="''" word="263"/>
    </S>
  </SENTENCE>
  <SENTENCE gorn="6">
    <S gorn="6">
      <NP gorn="6,0">
        <WORD ByteCount="1418,1421" gorn="6,0,0" lemma="Mr." pos="NNP" sentenceWord="0" text="Mr." word="264"/>
        <WORD ByteCount="1422,1426" gorn="6,0,1" lemma="Cela" pos="NNP" sentenceWord="1" text="Cela" word="265"/>
      </NP>
      <PRN gorn="6,1">
        <S gorn="6,1,0">
          <NP gorn="6,1,0,0">
            <WORD ByteCount="1427,1434" gorn="6,1,0,0,0" lemma="himself" pos="PRP" sentenceWord="2" text="himself" word="266"/>
          </NP>
          <VP gorn="6,1,0,1">
            <WORD ByteCount="1435,1438" gorn="6,1,0,1,0" lemma="be" pos="VBD" sentenceWord="3" text="was" word="267"/>
            <NP gorn="6,1,0,1,1">
              <NP gorn="6,1,0,1,1,0">
                <WORD ByteCount="1439,1442" gorn="6,1,0,1,1,0,0" lemma="one" pos="CD" sentenceWord="4" text="one" word="268"/>
              </NP>
              <PP gorn="6,1,0,1,1,1">
                <WORD ByteCount="1443,1445" gorn="6,1,0,1,1,1,0" lemma="of" pos="IN" sentenceWord="5" text="of" word="269"/>
                <NP gorn="6,1,0,1,1,1,1">
                  <NP gorn="6,1,0,1,1,1,1,0">
                    <WORD ByteCount="1446,1449" gorn="6,1,0,1,1,1,1,0,0" lemma="the" pos="DT" sentenceWord="6" text="the" word="270"/>
                    <WORD ByteCount="1450,1455" gorn="6,1,0,1,1,1,1,0,1" lemma="lucky" pos="JJ" sentenceWord="7" text="lucky" word="271"/>
                    <WORD ByteCount="1456,1460" gorn="6,1,0,1,1,1,1,0,2" lemma="one" pos="NNS" sentenceWord="8" text="ones" word="272"/>
                  </NP>
                  <WORD ByteCount="1460,1461" gorn="6,1,0,1,1,1,1,1" lemma="," pos="," sentenceWord="9" text="," word="273"/>
                  <NP gorn="6,1,0,1,1,1,1,2">
                    <NP gorn="6,1,0,1,1,1,1,2,0">
                      <WORD ByteCount="1462,1465" gorn="6,1,0,1,1,1,1,2,0,0" lemma="he" pos="PRP$" sentenceWord="10" text="his" word="274"/>
                      <WORD ByteCount="1466,1474" gorn="6,1,0,1,1,1,1,2,0,1" lemma="fortune" pos="NNS" sentenceWord="11" text="fortunes" word="275"/>
                    </NP>
                    <VP gorn="6,1,0,1,1,1,1,2,1">
                      <ADVP gorn="6,1,0,1,1,1,1,2,1,0">
                        <WORD ByteCount="1475,1483" gorn="6,1,0,1,1,1,1,2,1,0,0" lemma="steadily" pos="RB" sentenceWord="12" text="steadily" word="276"/>
                      </ADVP>
                      <WORD ByteCount="1484,1494" gorn="6,1,0,1,1,1,1,2,1,1" lemma="increase" pos="VBG" sentenceWord="13" text="increasing" word="277"/>
                      <PP gorn="6,1,0,1,1,1,1,2,1,2">
                        <WORD ByteCount="1495,1499" gorn="6,1,0,1,1,1,1,2,1,2,0" lemma="over" pos="IN" sentenceWord="14" text="over" word="278"/>
                        <NP gorn="6,1,0,1,1,1,1,2,1,2,1">
                          <WORD ByteCount="1500,1503" gorn="6,1,0,1,1,1,1,2,1,2,1,0" lemma="the" pos="DT" sentenceWord="15" text="the" word="279"/>
                          <WORD ByteCount="1504,1511" gorn="6,1,0,1,1,1,1,2,1,2,1,1" lemma="decade" pos="NNS" sentenceWord="16" text="decades" word="280"/>
                        </NP>
                      </PP>
                    </VP>
                  </NP>
                </NP>
              </PP>
            </NP>
          </VP>
        </S>
      </PRN>
      <NP gorn="6,2">
        <WORD ByteCount="1512,1514" gorn="6,2,0" lemma="he" pos="PRP" sentenceWord="17" text="he" word="281"/>
      </NP>
      <VP gorn="6,3">
        <WORD ByteCount="1515,1520" gorn="6,3,0" lemma="spend" pos="VBD" sentenceWord="18" text="spent" word="282"/>
        <S gorn="6,3,1">
          <VP gorn="6,3,1,0">
            <WORD ByteCount="1521,1528" gorn="6,3,1,0,0" lemma="put" pos="VBG" sentenceWord="19" text="putting" word="283"/>
            <PRT gorn="6,3,1,0,1">
              <WORD ByteCount="1529,1532" gorn="6,3,1,0,1,0" lemma="out" pos="RP" sentenceWord="20" text="out" word="284"/>
            </PRT>
            <NP gorn="6,3,1,0,2">
              <QP gorn="6,3,1,0,2,0">
                <WORD ByteCount="1533,1537" gorn="6,3,1,0,2,0,0" lemma="some" pos="DT" sentenceWord="21" text="some" word="285"/>
                <WORD ByteCount="1538,1540" gorn="6,3,1,0,2,0,1" lemma="70" pos="CD" sentenceWord="22" text="70" word="286"/>
              </QP>
              <NX gorn="6,3,1,0,2,1">
                <NX gorn="6,3,1,0,2,1,0">
                  <WORD ByteCount="1541,1552" gorn="6,3,1,0,2,1,0,0" lemma="travelogue" pos="NNS" sentenceWord="23" text="travelogues" word="287"/>
                </NX>
                <WORD ByteCount="1552,1553" gorn="6,3,1,0,2,1,1" lemma="," pos="," sentenceWord="24" text="," word="288"/>
                <NX gorn="6,3,1,0,2,1,2">
                  <WORD ByteCount="1554,1560" gorn="6,3,1,0,2,1,2,0" lemma="novel" pos="NNS" sentenceWord="25" text="novels" word="289"/>
                </NX>
                <WORD ByteCount="1560,1561" gorn="6,3,1,0,2,1,3" lemma="," pos="," sentenceWord="26" text="," word="290"/>
                <NX gorn="6,3,1,0,2,1,4">
                  <WORD ByteCount="1562,1567" gorn="6,3,1,0,2,1,4,0" lemma="short" pos="JJ" sentenceWord="27" text="short" word="291"/>
                  <WORD ByteCount="1568,1573" gorn="6,3,1,0,2,1,4,1" lemma="story" pos="NN" sentenceWord="28" text="story" word="292"/>
                  <WORD ByteCount="1574,1585" gorn="6,3,1,0,2,1,4,2" lemma="collection" pos="NNS" sentenceWord="29" text="collections" word="293"/>
                </NX>
                <WORD ByteCount="1586,1589" gorn="6,3,1,0,2,1,5" lemma="and" pos="CC" sentenceWord="30" text="and" word="294"/>
                <NX gorn="6,3,1,0,2,1,6">
                  <WORD ByteCount="1590,1596" gorn="6,3,1,0,2,1,6,0" lemma="poetry" pos="NN" sentenceWord="31" text="poetry" word="295"/>
                </NX>
              </NX>
            </NP>
          </VP>
        </S>
      </VP>
      <WORD ByteCount="1596,1597" gorn="6,4" lemma="." pos="." sentenceWord="32" text="." word="296"/>
    </S>
  </SENTENCE>
  <SENTENCE gorn="7">
    <S gorn="7">
      <NP-TMP gorn="7,0">
        <WORD ByteCount="1598,1603" gorn="7,0,0" lemma="these" pos="DT" sentenceWord="0" text="These" word="297"/>
        <WORD ByteCount="1604,1608" gorn="7,0,1" lemma="day" pos="NNS" sentenceWord="1" text="days" word="298"/>
      </NP-TMP>
      <WORD ByteCount="1608,1609" gorn="7,1" lemma="," pos="," sentenceWord="2" text="," word="299"/>
      <NP gorn="7,2">
        <WORD ByteCount="1610,1612" gorn="7,2,0" lemma="he" pos="PRP" sentenceWord="3" text="he" word="300"/>
      </NP>
      <VP gorn="7,3">
        <WORD ByteCount="1613,1615" gorn="7,3,0" lemma="be" pos="VBZ" sentenceWord="4" text="is" word="301"/>
        <UCP gorn="7,3,1">
          <ADJP gorn="7,3,1,0">
            <WORD ByteCount="1616,1618" gorn="7,3,1,0,0" lemma="as" pos="RB" sentenceWord="5" text="as" word="302"/>
            <WORD ByteCount="1619,1624" gorn="7,3,1,0,1" lemma="know" pos="VBN" sentenceWord="6" text="known" word="303"/>
            <PP gorn="7,3,1,0,2">
              <WORD ByteCount="1625,1628" gorn="7,3,1,0,2,0" lemma="for" pos="IN" sentenceWord="7" text="for" word="304"/>
              <NP gorn="7,3,1,0,2,1">
                <WORD ByteCount="1629,1632" gorn="7,3,1,0,2,1,0" lemma="he" pos="PRP$" sentenceWord="8" text="his" word="305"/>
                <WORD ByteCount="1633,1643" gorn="7,3,1,0,2,1,1" lemma="flamboyant" pos="JJ" sentenceWord="9" text="flamboyant" word="306"/>
                <WORD ByteCount="1644,1650" gorn="7,3,1,0,2,1,2" lemma="taste" pos="NNS" sentenceWord="10" text="tastes" word="307"/>
              </NP>
            </PP>
          </ADJP>
          <WORD ByteCount="1651,1654" gorn="7,3,1,1" lemma="and" pos="CC" sentenceWord="11" text="and" word="308"/>
          <NP gorn="7,3,1,2">
            <NP gorn="7,3,1,2,0">
              <WORD ByteCount="1655,1658" gorn="7,3,1,2,0,0" lemma="the" pos="DT" sentenceWord="12" text="the" word="309"/>
              <WORD ByteCount="1659,1667" gorn="7,3,1,2,0,1" lemma="youthful" pos="JJ" sentenceWord="13" text="youthful" word="310"/>
              <WORD ByteCount="1668,1672" gorn="7,3,1,2,0,2" lemma="muse" pos="NN" sentenceWord="14" text="muse" word="311"/>
            </NP>
            <SBAR gorn="7,3,1,2,1">
              <WHNP gorn="7,3,1,2,1,0">
                <WORD ByteCount="1673,1676" gorn="7,3,1,2,1,0,0" lemma="who" pos="WP" sentenceWord="15" text="who" word="312"/>
              </WHNP>
              <S gorn="7,3,1,2,1,1">
                <VP gorn="7,3,1,2,1,1,0">
                  <WORD ByteCount="1677,1683" gorn="7,3,1,2,1,1,0,0" lemma="share" pos="VBZ" sentenceWord="16" text="shares" word="313"/>
                  <NP gorn="7,3,1,2,1,1,0,1">
                    <WORD ByteCount="1684,1687" gorn="7,3,1,2,1,1,0,1,0" lemma="he" pos="PRP$" sentenceWord="17" text="his" word="314"/>
                    <WORD ByteCount="1688,1692" gorn="7,3,1,2,1,1,0,1,1" lemma="life" pos="NN" sentenceWord="18" text="life" word="315"/>
                  </NP>
                  <SBAR gorn="7,3,1,2,1,1,0,2">
                    <WORD ByteCount="1693,1695" gorn="7,3,1,2,1,1,0,2,0" lemma="as" pos="IN" sentenceWord="19" text="as" word="316"/>
                    <S gorn="7,3,1,2,1,1,0,2,1">
                      <NP gorn="7,3,1,2,1,1,0,2,1,0">
                        <WORD ByteCount="1696,1698" gorn="7,3,1,2,1,1,0,2,1,0,0" lemma="he" pos="PRP" sentenceWord="20" text="he" word="317"/>
                      </NP>
                      <VP gorn="7,3,1,2,1,1,0,2,1,1">
                        <WORD ByteCount="1699,1701" gorn="7,3,1,2,1,1,0,2,1,1,0" lemma="be" pos="VBZ" sentenceWord="21" text="is" word="318"/>
                        <PP gorn="7,3,1,2,1,1,0,2,1,1,1">
                          <WORD ByteCount="1702,1705" gorn="7,3,1,2,1,1,0,2,1,1,1,0" lemma="for" pos="IN" sentenceWord="22" text="for" word="319"/>
                          <NP gorn="7,3,1,2,1,1,0,2,1,1,1,1">
                            <WORD ByteCount="1706,1709" gorn="7,3,1,2,1,1,0,2,1,1,1,1,0" lemma="he" pos="PRP$" sentenceWord="23" text="his" word="320"/>
                            <WORD ByteCount="1710,1715" gorn="7,3,1,2,1,1,0,2,1,1,1,1,1" lemma="book" pos="NNS" sentenceWord="24" text="books" word="321"/>
                          </NP>
                        </PP>
                      </VP>
                    </S>
                  </SBAR>
                </VP>
              </S>
            </SBAR>
          </NP>
        </UCP>
      </VP>
      <WORD ByteCount="1715,1716" gorn="7,4" lemma="." pos="." sentenceWord="25" text="." word="322"/>
    </S>
  </SENTENCE>
  <SENTENCE gorn="8">
    <S gorn="8">
      <NP gorn="8,0">
        <NP gorn="8,0,0">
          <WORD ByteCount="1717,1720" gorn="8,0,0,0" lemma="the" pos="DT" sentenceWord="0" text="The" word="323"/>
          <WORD ByteCount="1721,1724" gorn="8,0,0,1" lemma="man" pos="NN" sentenceWord="1" text="man" word="324"/>
        </NP>
        <SBAR gorn="8,0,1">
          <WHNP gorn="8,0,1,0">
            <WORD ByteCount="1725,1728" gorn="8,0,1,0,0" lemma="who" pos="WP" sentenceWord="2" text="who" word="325"/>
          </WHNP>
          <S gorn="8,0,1,1">
            <VP gorn="8,0,1,1,0">
              <WORD ByteCount="1729,1733" gorn="8,0,1,1,0,0" lemma="wear" pos="VBD" sentenceWord="3" text="wore" word="326"/>
              <PRT gorn="8,0,1,1,0,1">
                <WORD ByteCount="1734,1737" gorn="8,0,1,1,0,1,0" lemma="out" pos="RP" sentenceWord="4" text="out" word="327"/>
              </PRT>
              <NP gorn="8,0,1,1,0,2">
                <WORD ByteCount="1738,1741" gorn="8,0,1,1,0,2,0" lemma="he" pos="PRP$" sentenceWord="5" text="his" word="328"/>
                <WORD ByteCount="1742,1747" gorn="8,0,1,1,0,2,1" lemma="shoe" pos="NNS" sentenceWord="6" text="shoes" word="329"/>
              </NP>
              <S gorn="8,0,1,1,0,3">
                <VP gorn="8,0,1,1,0,3,0">
                  <WORD ByteCount="1748,1757" gorn="8,0,1,1,0,3,0,0" lemma="wander" pos="VBG" sentenceWord="7" text="wandering" word="330"/>
                  <PP gorn="8,0,1,1,0,3,0,1">
                    <WORD ByteCount="1758,1764" gorn="8,0,1,1,0,3,0,1,0" lemma="around" pos="IN" sentenceWord="8" text="around" word="331"/>
                    <NP gorn="8,0,1,1,0,3,0,1,1">
                      <NP gorn="8,0,1,1,0,3,0,1,1,0">
                        <WORD ByteCount="1765,1776" gorn="8,0,1,1,0,3,0,1,1,0,0" lemma="Guadalajara" pos="NNP" sentenceWord="9" text="Guadalajara" word="332"/>
                      </NP>
                      <PP gorn="8,0,1,1,0,3,0,1,1,1">
                        <WORD ByteCount="1777,1779" gorn="8,0,1,1,0,3,0,1,1,1,0" lemma="in" pos="IN" sentenceWord="10" text="in" word="333"/>
                        <NP gorn="8,0,1,1,0,3,0,1,1,1,1">
                          <WORD ByteCount="1780,1784" gorn="8,0,1,1,0,3,0,1,1,1,1,0" lemma="1958" pos="CD" sentenceWord="11" text="1958" word="334"/>
                        </NP>
                      </PP>
                    </NP>
                  </PP>
                </VP>
              </S>
            </VP>
          </S>
        </SBAR>
        <WORD ByteCount="1784,1785" gorn="8,0,2" lemma="," pos="," sentenceWord="12" text="," word="335"/>
        <VP gorn="8,0,3">
          <WORD ByteCount="1786,1796" gorn="8,0,3,0" lemma="describe" pos="VBG" sentenceWord="13" text="describing" word="336"/>
          <PP gorn="8,0,3,1">
            <WORD ByteCount="1797,1799" gorn="8,0,3,1,0" lemma="in" pos="IN" sentenceWord="14" text="in" word="337"/>
            <NP gorn="8,0,3,1,1">
              <NP gorn="8,0,3,1,1,0">
                <WORD ByteCount="1800,1803" gorn="8,0,3,1,1,0,0" lemma="he" pos="PRP$" sentenceWord="15" text="his" word="338"/>
                <WORD ByteCount="1804,1810" gorn="8,0,3,1,1,0,1" lemma="travel" pos="NN" sentenceWord="16" text="travel" word="339"/>
                <WORD ByteCount="1811,1815" gorn="8,0,3,1,1,0,2" lemma="book" pos="NN" sentenceWord="17" text="book" word="340"/>
              </NP>
              <WORD ByteCount="1816,1817" gorn="8,0,3,1,1,1" lemma="``" pos="``" sentenceWord="18" text="``" word="341"/>
              <NP gorn="8,0,3,1,1,2">
                <WORD ByteCount="1817,1822" gorn="8,0,3,1,1,2,0" lemma="Viaje" pos="NNP" sentenceWord="19" text="Viaje" word="342"/>
                <WORD ByteCount="1823,1824" gorn="8,0,3,1,1,2,1" lemma="a" pos="NNP" sentenceWord="20" text="a" word="343"/>
                <WORD ByteCount="1825,1827" gorn="8,0,3,1,1,2,2" lemma="la" pos="NNP" sentenceWord="21" text="la" word="344"/>
                <WORD ByteCount="1828,1836" gorn="8,0,3,1,1,2,3" lemma="Alcarria" pos="NNP" sentenceWord="22" text="Alcarria" word="345"/>
              </NP>
              <WORD ByteCount="1836,1837" gorn="8,0,3,1,1,3" lemma="''" pos="''" sentenceWord="23" text="''" word="346"/>
            </NP>
          </PP>
          <SBAR gorn="8,0,3,2">
            <WHADVP gorn="8,0,3,2,0">
              <WORD ByteCount="1838,1841" gorn="8,0,3,2,0,0" lemma="how" pos="WRB" sentenceWord="24" text="how" word="347"/>
            </WHADVP>
            <S gorn="8,0,3,2,1">
              <NP gorn="8,0,3,2,1,0">
                <WORD ByteCount="1842,1844" gorn="8,0,3,2,1,0,0" lemma="he" pos="PRP" sentenceWord="25" text="he" word="348"/>
              </NP>
              <VP gorn="8,0,3,2,1,1">
                <VP gorn="8,0,3,2,1,1,0">
                  <WORD ByteCount="1845,1854" gorn="8,0,3,2,1,1,0,0" lemma="scrounge" pos="VBD" sentenceWord="26" text="scrounged" word="349"/>
                  <PP gorn="8,0,3,2,1,1,0,1">
                    <WORD ByteCount="1855,1858" gorn="8,0,3,2,1,1,0,1,0" lemma="for" pos="IN" sentenceWord="27" text="for" word="350"/>
                    <NP gorn="8,0,3,2,1,1,0,1,1">
                      <WORD ByteCount="1859,1863" gorn="8,0,3,2,1,1,0,1,1,0" lemma="food" pos="NN" sentenceWord="28" text="food" word="351"/>
                    </NP>
                  </PP>
                </VP>
                <WORD ByteCount="1864,1867" gorn="8,0,3,2,1,1,1" lemma="and" pos="CC" sentenceWord="29" text="and" word="352"/>
                <VP gorn="8,0,3,2,1,1,2">
                  <WORD ByteCount="1868,1874" gorn="8,0,3,2,1,1,2,0" lemma="stay" pos="VBD" sentenceWord="30" text="stayed" word="353"/>
                  <PP gorn="8,0,3,2,1,1,2,1">
                    <WORD ByteCount="1875,1877" gorn="8,0,3,2,1,1,2,1,0" lemma="in" pos="IN" sentenceWord="31" text="in" word="354"/>
                    <NP gorn="8,0,3,2,1,1,2,1,1">
                      <WORD ByteCount="1878,1885" gorn="8,0,3,2,1,1,2,1,1,0" lemma="squalid" pos="JJ" sentenceWord="32" text="squalid" word="355"/>
                      <WORD ByteCount="1886,1890" gorn="8,0,3,2,1,1,2,1,1,1" lemma="inn" pos="NNS" sentenceWord="33" text="inns" word="356"/>
                    </NP>
                  </PP>
                </VP>
              </VP>
            </S>
          </SBAR>
        </VP>
        <WORD ByteCount="1890,1891" gorn="8,0,4" lemma="," pos="," sentenceWord="34" text="," word="357"/>
      </NP>
      <ADVP gorn="8,1">
        <WORD ByteCount="1892,1895" gorn="8,1,0" lemma="now" pos="RB" sentenceWord="35" text="now" word="358"/>
      </ADVP>
      <VP gorn="8,2">
        <WORD ByteCount="1896,1901" gorn="8,2,0" lemma="tour" pos="VBZ" sentenceWord="36" text="tours" word="359"/>
        <NP gorn="8,2,1">
          <NP gorn="8,2,1,0">
            <WORD ByteCount="1902,1907" gorn="8,2,1,0,0" lemma="Spain" pos="NNP" sentenceWord="37" text="Spain" word="360"/>
          </NP>
          <PP gorn="8,2,1,1">
            <WORD ByteCount="1908,1910" gorn="8,2,1,1,0" lemma="in" pos="IN" sentenceWord="38" text="in" word="361"/>
            <NP gorn="8,2,1,1,1">
              <WORD ByteCount="1911,1912" gorn="8,2,1,1,1,0" lemma="a" pos="DT" sentenceWord="39" text="a" word="362"/>
              <WORD ByteCount="1913,1924" gorn="8,2,1,1,1,1" lemma="Rolls-Royce" pos="NNP" sentenceWord="40" text="Rolls-Royce" word="363"/>
            </NP>
          </PP>
        </NP>
      </VP>
      <WORD ByteCount="1924,1925" gorn="8,3" lemma="." pos="." sentenceWord="41" text="." word="364"/>
    </S>
  </SENTENCE>
  <SENTENCE gorn="9">
    <S gorn="9">
      <PP gorn="9,0">
        <WORD ByteCount="1928,1930" gorn="9,0,0" lemma="of" pos="IN" sentenceWord="0" text="Of" word="365"/>
        <NP gorn="9,0,1">
          <NP gorn="9,0,1,0">
            <WORD ByteCount="1931,1934" gorn="9,0,1,0,0" lemma="he" pos="PRP$" sentenceWord="1" text="his" word="366"/>
            <WORD ByteCount="1935,1937" gorn="9,0,1,0,1" lemma="10" pos="CD" sentenceWord="2" text="10" word="367"/>
            <WORD ByteCount="1938,1944" gorn="9,0,1,0,2" lemma="novel" pos="NNS" sentenceWord="3" text="novels" word="368"/>
          </NP>
          <WORD ByteCount="1944,1945" gorn="9,0,1,1" lemma="," pos="," sentenceWord="4" text="," word="369"/>
          <NP gorn="9,0,1,2">
            <NP gorn="9,0,1,2,0">
              <WORD ByteCount="1946,1947" gorn="9,0,1,2,0,0" lemma="``" pos="``" sentenceWord="5" text="``" word="370"/>
              <WORD ByteCount="1947,1950" gorn="9,0,1,2,0,1" lemma="the" pos="DT" sentenceWord="6" text="The" word="371"/>
              <NX gorn="9,0,1,2,0,2">
                <WORD ByteCount="1951,1955" gorn="9,0,1,2,0,2,0" lemma="Hive" pos="NNP" sentenceWord="7" text="Hive" word="372"/>
              </NX>
              <WORD ByteCount="1955,1956" gorn="9,0,1,2,0,3" lemma="''" pos="''" sentenceWord="8" text="''" word="373"/>
            </NP>
            <NP gorn="9,0,1,2,1">
              <WORD ByteCount="1957,1958" gorn="9,0,1,2,1,0" lemma="(" pos="CD" sentenceWord="9" text="(" word="374"/>
              <WORD ByteCount="1958,1962" gorn="9,0,1,2,1,1" lemma="1951" pos="CD" sentenceWord="10" text="1951" word="375"/>
              <WORD ByteCount="1962,1963" gorn="9,0,1,2,1,2" lemma=")" pos="NN" sentenceWord="11" text=")" word="376"/>
            </NP>
          </NP>
        </NP>
      </PP>
      <WORD ByteCount="1963,1964" gorn="9,1" lemma="," pos="," sentenceWord="12" text="," word="377"/>
      <S gorn="9,2">
        <UCP gorn="9,2,0">
          <ADJP gorn="9,2,0,0">
            <WORD ByteCount="1965,1969" gorn="9,2,0,0,0" lemma="full" pos="JJ" sentenceWord="13" text="full" word="378"/>
            <PP gorn="9,2,0,0,1">
              <WORD ByteCount="1970,1972" gorn="9,2,0,0,1,0" lemma="of" pos="IN" sentenceWord="14" text="of" word="379"/>
              <NP gorn="9,2,0,0,1,1">
                <NP gorn="9,2,0,0,1,1,0">
                  <WORD ByteCount="1973,1978" gorn="9,2,0,0,1,1,0,0" lemma="sharp" pos="JJ" sentenceWord="15" text="sharp" word="380"/>
                  <WORD ByteCount="1979,1988" gorn="9,2,0,0,1,1,0,1" lemma="vignette" pos="NNS" sentenceWord="16" text="vignettes" word="381"/>
                </NP>
                <PP gorn="9,2,0,0,1,1,1">
                  <WORD ByteCount="1989,1991" gorn="9,2,0,0,1,1,1,0" lemma="of" pos="IN" sentenceWord="17" text="of" word="382"/>
                  <NP gorn="9,2,0,0,1,1,1,1">
                    <WORD ByteCount="1992,1998" gorn="9,2,0,0,1,1,1,1,0" lemma="Madrid" pos="NNP" sentenceWord="18" text="Madrid" word="383"/>
                    <WORD ByteCount="1999,2003" gorn="9,2,0,0,1,1,1,1,1" lemma="life" pos="NN" sentenceWord="19" text="life" word="384"/>
                  </NP>
                </PP>
              </NP>
            </PP>
          </ADJP>
          <WORD ByteCount="2004,2007" gorn="9,2,0,1" lemma="and" pos="CC" sentenceWord="20" text="and" word="385"/>
          <VP gorn="9,2,0,2">
            <WORD ByteCount="2008,2016" gorn="9,2,0,2,0" lemma="center" pos="VBN" sentenceWord="21" text="centered" word="386"/>
            <PP gorn="9,2,0,2,1">
              <WORD ByteCount="2017,2019" gorn="9,2,0,2,1,0" lemma="on" pos="IN" sentenceWord="22" text="on" word="387"/>
              <NP gorn="9,2,0,2,1,1">
                <NP gorn="9,2,0,2,1,1,0">
                  <WORD ByteCount="2020,2021" gorn="9,2,0,2,1,1,0,0" lemma="a" pos="DT" sentenceWord="23" text="a" word="388"/>
                  <WORD ByteCount="2022,2026" gorn="9,2,0,2,1,1,0,1" lemma="cafe" pos="NN" sentenceWord="24" text="cafe" word="389"/>
                </NP>
                <VP gorn="9,2,0,2,1,1,1">
                  <WORD ByteCount="2027,2030" gorn="9,2,0,2,1,1,1,0" lemma="run" pos="VBN" sentenceWord="25" text="run" word="390"/>
                  <PP gorn="9,2,0,2,1,1,1,1">
                    <WORD ByteCount="2031,2033" gorn="9,2,0,2,1,1,1,1,0" lemma="by" pos="IN" sentenceWord="26" text="by" word="391"/>
                    <NP gorn="9,2,0,2,1,1,1,1,1">
                      <WORD ByteCount="2034,2038" gorn="9,2,0,2,1,1,1,1,1,0" lemma="Dona" pos="NNP" sentenceWord="27" text="Dona" word="392"/>
                      <WORD ByteCount="2039,2043" gorn="9,2,0,2,1,1,1,1,1,1" lemma="Rosa" pos="NNP" sentenceWord="28" text="Rosa" word="393"/>
                    </NP>
                  </PP>
                </VP>
              </NP>
            </PP>
          </VP>
        </UCP>
      </S>
      <WORD ByteCount="2043,2044" gorn="9,3" lemma="," pos="," sentenceWord="29" text="," word="394"/>
      <NP gorn="9,4">
        <NP gorn="9,4,0">
          <WORD ByteCount="2045,2046" gorn="9,4,0,0" lemma="a" pos="DT" sentenceWord="30" text="a" word="395"/>
          <WORD ByteCount="2047,2059" gorn="9,4,0,1" lemma="foul-mouthed" pos="JJ" sentenceWord="31" text="foul-mouthed" word="396"/>
          <WORD ByteCount="2059,2060" gorn="9,4,0,2" lemma="," pos="," sentenceWord="32" text="," word="397"/>
          <WORD ByteCount="2061,2072" gorn="9,4,0,3" lemma="broad-based" pos="JJ" sentenceWord="33" text="broad-based" word="398"/>
          <WORD ByteCount="2073,2078" gorn="9,4,0,4" lemma="woman" pos="NN" sentenceWord="34" text="woman" word="399"/>
        </NP>
        <PP gorn="9,4,1">
          <WORD ByteCount="2079,2083" gorn="9,4,1,0" lemma="with" pos="IN" sentenceWord="35" text="with" word="400"/>
          <NP gorn="9,4,1,1">
            <WORD ByteCount="2084,2093" gorn="9,4,1,1,0" lemma="blacken" pos="VBN" sentenceWord="36" text="blackened" word="401"/>
            <WORD ByteCount="2094,2100" gorn="9,4,1,1,1" lemma="little" pos="JJ" sentenceWord="37" text="little" word="402"/>
            <WORD ByteCount="2101,2106" gorn="9,4,1,1,2" lemma="tooth" pos="NNS" sentenceWord="38" text="teeth" word="403"/>
          </NP>
        </PP>
      </NP>
      <VP gorn="9,5">
        <WORD ByteCount="2107,2116" gorn="9,5,0" lemma="encrust" pos="VBN" sentenceWord="39" text="encrusted" word="404"/>
        <PP gorn="9,5,1">
          <WORD ByteCount="2117,2119" gorn="9,5,1,0" lemma="in" pos="IN" sentenceWord="40" text="in" word="405"/>
          <NP gorn="9,5,1,1">
            <NP gorn="9,5,1,1,0">
              <WORD ByteCount="2120,2125" gorn="9,5,1,1,0,0" lemma="filth" pos="NN" sentenceWord="41" text="filth" word="406"/>
            </NP>
            <WORD ByteCount="2125,2126" gorn="9,5,1,1,1" lemma="," pos="," sentenceWord="42" text="," word="407"/>
            <VP gorn="9,5,1,1,2">
              <VP gorn="9,5,1,1,2,0">
                <WORD ByteCount="2127,2131" gorn="9,5,1,1,2,0,0" lemma="use" pos="VBN" sentenceWord="43" text="used" word="408"/>
                <S gorn="9,5,1,1,2,0,1">
                  <VP gorn="9,5,1,1,2,0,1,0">
                    <WORD ByteCount="2132,2134" gorn="9,5,1,1,2,0,1,0,0" lemma="to" pos="TO" sentenceWord="44" text="to" word="409"/>
                    <VP gorn="9,5,1,1,2,0,1,0,1">
                      <WORD ByteCount="2135,2137" gorn="9,5,1,1,2,0,1,0,1,0" lemma="be" pos="VB" sentenceWord="45" text="be" word="410"/>
                      <ADJP gorn="9,5,1,1,2,0,1,0,1,1">
                        <WORD ByteCount="2138,2147" gorn="9,5,1,1,2,0,1,0,1,1,0" lemma="available" pos="JJ" sentenceWord="46" text="available" word="411"/>
                        <PP gorn="9,5,1,1,2,0,1,0,1,1,1">
                          <WORD ByteCount="2148,2150" gorn="9,5,1,1,2,0,1,0,1,1,1,0" lemma="in" pos="IN" sentenceWord="47" text="in" word="412"/>
                          <NP gorn="9,5,1,1,2,0,1,0,1,1,1,1">
                            <WORD ByteCount="2151,2158" gorn="9,5,1,1,2,0,1,0,1,1,1,1,0" lemma="English" pos="NNP" sentenceWord="48" text="English" word="413"/>
                          </NP>
                        </PP>
                      </ADJP>
                    </VP>
                  </VP>
                </S>
              </VP>
              <WORD ByteCount="2158,2159" gorn="9,5,1,1,2,1" lemma="," pos="," sentenceWord="49" text="," word="414"/>
              <VP gorn="9,5,1,1,2,2">
                <WORD ByteCount="2160,2170" gorn="9,5,1,1,2,2,0" lemma="translate" pos="VBN" sentenceWord="50" text="translated" word="415"/>
                <PP gorn="9,5,1,1,2,2,1">
                  <WORD ByteCount="2171,2173" gorn="9,5,1,1,2,2,1,0" lemma="by" pos="IN" sentenceWord="51" text="by" word="416"/>
                  <NP gorn="9,5,1,1,2,2,1,1">
                    <WORD ByteCount="2174,2178" gorn="9,5,1,1,2,2,1,1,0" lemma="J.M." pos="NNP" sentenceWord="52" text="J.M." word="417"/>
                    <WORD ByteCount="2179,2184" gorn="9,5,1,1,2,2,1,1,1" lemma="Cohen" pos="NNP" sentenceWord="53" text="Cohen" word="418"/>
                  </NP>
                </PP>
              </VP>
              <WORD ByteCount="2185,2188" gorn="9,5,1,1,2,3" lemma="and" pos="CC" sentenceWord="54" text="and" word="419"/>
              <VP gorn="9,5,1,1,2,4">
                <WORD ByteCount="2189,2198" gorn="9,5,1,1,2,4,0" lemma="publish" pos="VBN" sentenceWord="55" text="published" word="420"/>
                <PP gorn="9,5,1,1,2,4,1">
                  <WORD ByteCount="2199,2201" gorn="9,5,1,1,2,4,1,0" lemma="by" pos="IN" sentenceWord="56" text="by" word="421"/>
                  <NP gorn="9,5,1,1,2,4,1,1">
                    <NP gorn="9,5,1,1,2,4,1,1,0">
                      <WORD ByteCount="2202,2206" gorn="9,5,1,1,2,4,1,1,0,0" lemma="Ecco" pos="NNP" sentenceWord="57" text="Ecco" word="422"/>
                      <WORD ByteCount="2207,2212" gorn="9,5,1,1,2,4,1,1,0,1" lemma="Press" pos="NNP" sentenceWord="58" text="Press" word="423"/>
                    </NP>
                    <WORD ByteCount="2212,2213" gorn="9,5,1,1,2,4,1,1,1" lemma="," pos="," sentenceWord="59" text="," word="424"/>
                    <SBAR gorn="9,5,1,1,2,4,1,1,2">
                      <WHNP gorn="9,5,1,1,2,4,1,1,2,0">
                        <WORD ByteCount="2214,2219" gorn="9,5,1,1,2,4,1,1,2,0,0" lemma="which" pos="WDT" sentenceWord="60" text="which" word="425"/>
                      </WHNP>
                      <S gorn="9,5,1,1,2,4,1,1,2,1">
                        <VP gorn="9,5,1,1,2,4,1,1,2,1,0">
                          <ADVP gorn="9,5,1,1,2,4,1,1,2,1,0,0">
                            <WORD ByteCount="2220,2223" gorn="9,5,1,1,2,4,1,1,2,1,0,0,0" lemma="now" pos="RB" sentenceWord="61" text="now" word="426"/>
                            <WORD ByteCount="2224,2226" gorn="9,5,1,1,2,4,1,1,2,1,0,0,1" lemma="no" pos="DT" sentenceWord="62" text="no" word="427"/>
                            <WORD ByteCount="2227,2232" gorn="9,5,1,1,2,4,1,1,2,1,0,0,2" lemma="doubt" pos="NN" sentenceWord="63" text="doubt" word="428"/>
                          </ADVP>
                          <WORD ByteCount="2233,2240" gorn="9,5,1,1,2,4,1,1,2,1,0,1" lemma="regret" pos="VBZ" sentenceWord="64" text="regrets" word="429"/>
                          <S gorn="9,5,1,1,2,4,1,1,2,1,0,2">
                            <VP gorn="9,5,1,1,2,4,1,1,2,1,0,2,0">
                              <WORD ByteCount="2241,2254" gorn="9,5,1,1,2,4,1,1,2,1,0,2,0,0" lemma="relinquish" pos="VBG" sentenceWord="65" text="relinquishing" word="430"/>
                              <NP gorn="9,5,1,1,2,4,1,1,2,1,0,2,0,1">
                                <WORD ByteCount="2255,2258" gorn="9,5,1,1,2,4,1,1,2,1,0,2,0,1,0" lemma="its" pos="PRP$" sentenceWord="66" text="its" word="431"/>
                                <WORD ByteCount="2259,2268" gorn="9,5,1,1,2,4,1,1,2,1,0,2,0,1,1" lemma="copyright" pos="NN" sentenceWord="67" text="copyright" word="432"/>
                              </NP>
                            </VP>
                          </S>
                        </VP>
                      </S>
                    </SBAR>
                  </NP>
                </PP>
              </VP>
            </VP>
          </NP>
        </PP>
      </VP>
      <WORD ByteCount="2268,2269" gorn="9,6" lemma="." pos="." sentenceWord="68" text="." word="433"/>
    </S>
  </SENTENCE>
  <SENTENCE gorn="10">
    <SINV gorn="10">
      <ADVP gorn="10,0">
        <WORD ByteCount="2270,2274" gorn="10,0,0" lemma="here" pos="RB" sentenceWord="0" text="Here" word="434"/>
      </ADVP>
      <VP gorn="10,1">
        <WORD ByteCount="2275,2277" gorn="10,1,0" lemma="be" pos="VBZ" sentenceWord="1" text="is" word="435"/>
      </VP>
      <NP gorn="10,2">
        <WORD ByteCount="2278,2280" gorn="10,2,0" lemma="a" pos="DT" sentenceWord="2" text="an" word="436"/>
        <WORD ByteCount="2281,2288" gorn="10,2,1" lemma="excerpt" pos="NN" sentenceWord="3" text="excerpt" word="437"/>
      </NP>
      <WORD ByteCount="2288,2289" gorn="10,3" lemma=":" pos=":" sentenceWord="4" text=":" word="438"/>
    </SINV>
  </SENTENCE>
  <SENTENCE gorn="11">
    <S gorn="11">
      <NP gorn="11,0">
        <WORD ByteCount="2292,2295" gorn="11,0,0" lemma="the" pos="DT" sentenceWord="0" text="The" word="439"/>
        <WORD ByteCount="2296,2302" gorn="11,0,1" lemma="lonely" pos="JJ" sentenceWord="1" text="lonely" word="440"/>
        <WORD ByteCount="2303,2308" gorn="11,0,2" lemma="woman" pos="NN" sentenceWord="2" text="woman" word="441"/>
      </NP>
      <VP gorn="11,1">
        <WORD ByteCount="2309,2314" gorn="11,1,0" lemma="walk" pos="VBZ" sentenceWord="3" text="walks" word="442"/>
        <PP gorn="11,1,1">
          <WORD ByteCount="2315,2317" gorn="11,1,1,0" lemma="on" pos="IN" sentenceWord="4" text="on" word="443"/>
          <WORD ByteCount="2318,2320" gorn="11,1,1,1" lemma="in" pos="IN" sentenceWord="5" text="in" word="444"/>
          <NP gorn="11,1,1,2">
            <NP gorn="11,1,1,2,0">
              <WORD ByteCount="2321,2324" gorn="11,1,1,2,0,0" lemma="the" pos="DT" sentenceWord="6" text="the" word="445"/>
              <WORD ByteCount="2325,2334" gorn="11,1,1,2,0,1" lemma="direction" pos="NN" sentenceWord="7" text="direction" word="446"/>
            </NP>
            <PP gorn="11,1,1,2,1">
              <WORD ByteCount="2335,2337" gorn="11,1,1,2,1,0" lemma="of" pos="IN" sentenceWord="8" text="of" word="447"/>
              <NP gorn="11,1,1,2,1,1">
                <WORD ByteCount="2338,2341" gorn="11,1,1,2,1,1,0" lemma="the" pos="DT" sentenceWord="9" text="the" word="448"/>
                <WORD ByteCount="2342,2347" gorn="11,1,1,2,1,1,1" lemma="Plaza" pos="NNP" sentenceWord="10" text="Plaza" word="449"/>
                <WORD ByteCount="2348,2350" gorn="11,1,1,2,1,1,2" lemma="de" pos="IN" sentenceWord="11" text="de" word="450"/>
                <WORD ByteCount="2351,2357" gorn="11,1,1,2,1,1,3" lemma="Alonso" pos="NNP" sentenceWord="12" text="Alonso" word="451"/>
                <WORD ByteCount="2358,2366" gorn="11,1,1,2,1,1,4" lemma="Martinez" pos="NNP" sentenceWord="13" text="Martinez" word="452"/>
              </NP>
            </PP>
          </NP>
        </PP>
      </VP>
      <WORD ByteCount="2366,2367" gorn="11,2" lemma="." pos="." sentenceWord="14" text="." word="453"/>
    </S>
  </SENTENCE>
  <SENTENCE gorn="12">
    <S gorn="12">
      <NP gorn="12,0">
        <WORD ByteCount="2368,2371" gorn="12,0,0" lemma="two" pos="CD" sentenceWord="0" text="Two" word="454"/>
        <WORD ByteCount="2372,2375" gorn="12,0,1" lemma="man" pos="NNS" sentenceWord="1" text="men" word="455"/>
      </NP>
      <VP gorn="12,1">
        <WORD ByteCount="2376,2380" gorn="12,1,0" lemma="have" pos="VBP" sentenceWord="2" text="have" word="456"/>
        <NP gorn="12,1,1">
          <NP gorn="12,1,1,0">
            <WORD ByteCount="2381,2382" gorn="12,1,1,0,0" lemma="a" pos="DT" sentenceWord="3" text="a" word="457"/>
            <WORD ByteCount="2383,2395" gorn="12,1,1,0,1" lemma="conversation" pos="NN" sentenceWord="4" text="conversation" word="458"/>
          </NP>
          <PP gorn="12,1,1,1">
            <WORD ByteCount="2396,2402" gorn="12,1,1,1,0" lemma="behind" pos="IN" sentenceWord="5" text="behind" word="459"/>
            <NP gorn="12,1,1,1,1">
              <WORD ByteCount="2403,2406" gorn="12,1,1,1,1,0" lemma="one" pos="CD" sentenceWord="6" text="one" word="460"/>
            </NP>
          </PP>
          <PP gorn="12,1,1,2">
            <WORD ByteCount="2407,2409" gorn="12,1,1,2,0" lemma="of" pos="IN" sentenceWord="7" text="of" word="461"/>
            <NP gorn="12,1,1,2,1">
              <NP gorn="12,1,1,2,1,0">
                <WORD ByteCount="2410,2413" gorn="12,1,1,2,1,0,0" lemma="the" pos="DT" sentenceWord="8" text="the" word="462"/>
                <WORD ByteCount="2414,2421" gorn="12,1,1,2,1,0,1" lemma="window" pos="NNS" sentenceWord="9" text="windows" word="463"/>
              </NP>
              <PP gorn="12,1,1,2,1,1">
                <WORD ByteCount="2422,2424" gorn="12,1,1,2,1,1,0" lemma="of" pos="IN" sentenceWord="10" text="of" word="464"/>
                <NP gorn="12,1,1,2,1,1,1">
                  <NP gorn="12,1,1,2,1,1,1,0">
                    <WORD ByteCount="2425,2428" gorn="12,1,1,2,1,1,1,0,0" lemma="the" pos="DT" sentenceWord="11" text="the" word="465"/>
                    <WORD ByteCount="2429,2433" gorn="12,1,1,2,1,1,1,0,1" lemma="cafe" pos="NN" sentenceWord="12" text="cafe" word="466"/>
                  </NP>
                  <PP gorn="12,1,1,2,1,1,1,1">
                    <WORD ByteCount="2434,2436" gorn="12,1,1,2,1,1,1,1,0" lemma="on" pos="IN" sentenceWord="13" text="on" word="467"/>
                    <NP gorn="12,1,1,2,1,1,1,1,1">
                      <NP gorn="12,1,1,2,1,1,1,1,1,0">
                        <WORD ByteCount="2437,2440" gorn="12,1,1,2,1,1,1,1,1,0,0" lemma="the" pos="DT" sentenceWord="14" text="the" word="468"/>
                        <WORD ByteCount="2441,2447" gorn="12,1,1,2,1,1,1,1,1,0,1" lemma="corner" pos="NN" sentenceWord="15" text="corner" word="469"/>
                      </NP>
                      <PP gorn="12,1,1,2,1,1,1,1,1,1">
                        <WORD ByteCount="2448,2450" gorn="12,1,1,2,1,1,1,1,1,1,0" lemma="of" pos="IN" sentenceWord="16" text="of" word="470"/>
                        <NP gorn="12,1,1,2,1,1,1,1,1,1,1">
                          <WORD ByteCount="2451,2454" gorn="12,1,1,2,1,1,1,1,1,1,1,0" lemma="the" pos="DT" sentenceWord="17" text="the" word="471"/>
                          <WORD ByteCount="2455,2464" gorn="12,1,1,2,1,1,1,1,1,1,1,1" lemma="boulevard" pos="NN" sentenceWord="18" text="boulevard" word="472"/>
                        </NP>
                      </PP>
                    </NP>
                  </PP>
                </NP>
              </PP>
            </NP>
          </PP>
        </NP>
      </VP>
      <WORD ByteCount="2464,2465" gorn="12,2" lemma="." pos="." sentenceWord="19" text="." word="473"/>
    </S>
  </SENTENCE>
  <SENTENCE gorn="13">
    <S gorn="13">
      <S gorn="13,0">
        <NP gorn="13,0,0">
          <WORD ByteCount="2466,2470" gorn="13,0,0,0" lemma="both" pos="DT" sentenceWord="0" text="Both" word="474"/>
        </NP>
        <VP gorn="13,0,1">
          <WORD ByteCount="2471,2474" gorn="13,0,1,0" lemma="be" pos="VBP" sentenceWord="1" text="are" word="475"/>
          <ADJP gorn="13,0,1,1">
            <WORD ByteCount="2475,2480" gorn="13,0,1,1,0" lemma="young" pos="JJ" sentenceWord="2" text="young" word="476"/>
          </ADJP>
        </VP>
      </S>
      <WORD ByteCount="2480,2481" gorn="13,1" lemma="," pos="," sentenceWord="3" text="," word="477"/>
      <S gorn="13,2">
        <NP gorn="13,2,0">
          <WORD ByteCount="2482,2485" gorn="13,2,0,0" lemma="one" pos="CD" sentenceWord="4" text="one" word="478"/>
        </NP>
        <ADJP gorn="13,2,1">
          <WORD ByteCount="2486,2492" gorn="13,2,1,0" lemma="twenty" pos="CD" sentenceWord="5" text="twenty" word="479"/>
          <WORD ByteCount="2493,2496" gorn="13,2,1,1" lemma="odd" pos="JJ" sentenceWord="6" text="odd" word="480"/>
        </ADJP>
      </S>
      <WORD ByteCount="2496,2497" gorn="13,3" lemma="," pos="," sentenceWord="7" text="," word="481"/>
      <S gorn="13,4">
        <NP gorn="13,4,0">
          <WORD ByteCount="2498,2501" gorn="13,4,0,0" lemma="the" pos="DT" sentenceWord="8" text="the" word="482"/>
          <WORD ByteCount="2502,2507" gorn="13,4,0,1" lemma="other" pos="JJ" sentenceWord="9" text="other" word="483"/>
        </NP>
        <ADJP gorn="13,4,1">
          <WORD ByteCount="2508,2514" gorn="13,4,1,0" lemma="thirty" pos="CD" sentenceWord="10" text="thirty" word="484"/>
          <WORD ByteCount="2515,2518" gorn="13,4,1,1" lemma="odd" pos="JJ" sentenceWord="11" text="odd" word="485"/>
        </ADJP>
      </S>
      <WORD ByteCount="2518,2519" gorn="13,5" lemma="." pos="." sentenceWord="12" text="." word="486"/>
    </S>
  </SENTENCE>
  <SENTENCE gorn="14">
    <S gorn="14">
      <S gorn="14,0">
        <NP gorn="14,0,0">
          <WORD ByteCount="2520,2523" gorn="14,0,0,0" lemma="the" pos="DT" sentenceWord="0" text="The" word="487"/>
          <WORD ByteCount="2524,2529" gorn="14,0,0,1" lemma="older" pos="JJR" sentenceWord="1" text="older" word="488"/>
          <WORD ByteCount="2530,2533" gorn="14,0,0,2" lemma="one" pos="CD" sentenceWord="2" text="one" word="489"/>
        </NP>
        <VP gorn="14,0,1">
          <WORD ByteCount="2534,2539" gorn="14,0,1,0" lemma="look" pos="VBZ" sentenceWord="3" text="looks" word="490"/>
          <PP gorn="14,0,1,1">
            <WORD ByteCount="2540,2544" gorn="14,0,1,1,0" lemma="like" pos="IN" sentenceWord="4" text="like" word="491"/>
            <NP gorn="14,0,1,1,1">
              <NP gorn="14,0,1,1,1,0">
                <WORD ByteCount="2545,2546" gorn="14,0,1,1,1,0,0" lemma="a" pos="DT" sentenceWord="5" text="a" word="492"/>
                <WORD ByteCount="2547,2553" gorn="14,0,1,1,1,0,1" lemma="member" pos="NN" sentenceWord="6" text="member" word="493"/>
              </NP>
              <PP gorn="14,0,1,1,1,1">
                <WORD ByteCount="2554,2556" gorn="14,0,1,1,1,1,0" lemma="of" pos="IN" sentenceWord="7" text="of" word="494"/>
                <NP gorn="14,0,1,1,1,1,1">
                  <NP gorn="14,0,1,1,1,1,1,0">
                    <WORD ByteCount="2557,2560" gorn="14,0,1,1,1,1,1,0,0" lemma="the" pos="DT" sentenceWord="8" text="the" word="495"/>
                    <WORD ByteCount="2561,2565" gorn="14,0,1,1,1,1,1,0,1" lemma="jury" pos="NN" sentenceWord="9" text="jury" word="496"/>
                  </NP>
                  <PP gorn="14,0,1,1,1,1,1,1">
                    <WORD ByteCount="2566,2569" gorn="14,0,1,1,1,1,1,1,0" lemma="for" pos="IN" sentenceWord="10" text="for" word="497"/>
                    <NP gorn="14,0,1,1,1,1,1,1,1">
                      <WORD ByteCount="2570,2571" gorn="14,0,1,1,1,1,1,1,1,0" lemma="a" pos="DT" sentenceWord="11" text="a" word="498"/>
                      <WORD ByteCount="2572,2580" gorn="14,0,1,1,1,1,1,1,1,1" lemma="literary" pos="JJ" sentenceWord="12" text="literary" word="499"/>
                      <WORD ByteCount="2581,2586" gorn="14,0,1,1,1,1,1,1,1,2" lemma="award" pos="NN" sentenceWord="13" text="award" word="500"/>
                    </NP>
                  </PP>
                </NP>
              </PP>
            </NP>
          </PP>
        </VP>
      </S>
      <WORD ByteCount="2586,2587" gorn="14,1" lemma="," pos="," sentenceWord="14" text="," word="501"/>
      <NP gorn="14,2">
        <WORD ByteCount="2588,2591" gorn="14,2,0" lemma="the" pos="DT" sentenceWord="15" text="the" word="502"/>
        <WORD ByteCount="2592,2599" gorn="14,2,1" lemma="younger" pos="JJR" sentenceWord="16" text="younger" word="503"/>
        <WORD ByteCount="2600,2603" gorn="14,2,2" lemma="one" pos="CD" sentenceWord="17" text="one" word="504"/>
      </NP>
      <VP gorn="14,3">
        <WORD ByteCount="2604,2609" gorn="14,3,0" lemma="look" pos="VBZ" sentenceWord="18" text="looks" word="505"/>
        <PP gorn="14,3,1">
          <WORD ByteCount="2610,2614" gorn="14,3,1,0" lemma="like" pos="IN" sentenceWord="19" text="like" word="506"/>
          <NP gorn="14,3,1,1">
            <WORD ByteCount="2615,2616" gorn="14,3,1,1,0" lemma="a" pos="DT" sentenceWord="20" text="a" word="507"/>
            <WORD ByteCount="2617,2625" gorn="14,3,1,1,1" lemma="novelist" pos="NN" sentenceWord="21" text="novelist" word="508"/>
          </NP>
        </PP>
      </VP>
      <WORD ByteCount="2625,2626" gorn="14,4" lemma="." pos="." sentenceWord="22" text="." word="509"/>
    </S>
  </SENTENCE>
  <SENTENCE gorn="15">
    <S gorn="15">
      <S gorn="15,0">
        <NP gorn="15,0,0">
          <WORD ByteCount="2627,2629" gorn="15,0,0,0" lemma="it" pos="PRP" sentenceWord="0" text="It" word="510"/>
        </NP>
        <VP gorn="15,0,1">
          <WORD ByteCount="2630,2632" gorn="15,0,1,0" lemma="be" pos="VBZ" sentenceWord="1" text="is" word="511"/>
          <ADJP gorn="15,0,1,1">
            <WORD ByteCount="2633,2640" gorn="15,0,1,1,0" lemma="evident" pos="JJ" sentenceWord="2" text="evident" word="512"/>
          </ADJP>
          <SBAR gorn="15,0,1,2">
            <WORD ByteCount="2641,2645" gorn="15,0,1,2,0" lemma="that" pos="IN" sentenceWord="3" text="that" word="513"/>
            <S gorn="15,0,1,2,1">
              <NP gorn="15,0,1,2,1,0">
                <WORD ByteCount="2646,2651" gorn="15,0,1,2,1,0,0" lemma="they" pos="PRP$" sentenceWord="4" text="their" word="514">
                  <attribution id="wsj_1655_PDTB_annotation_level.xml_set_0">
                    <attributionRole roleValue="source"/>
                    <attributionRole roleValue="cue"/>
                  </attribution>
                </WORD>
                <WORD ByteCount="2652,2664" gorn="15,0,1,2,1,0,1" lemma="conversation" pos="NN" sentenceWord="5" text="conversation" word="515">
                  <attribution id="wsj_1655_PDTB_annotation_level.xml_set_0">
                    <attributionRole roleValue="source"/>
                    <attributionRole roleValue="cue"/>
                  </attribution>
                </WORD>
              </NP>
              <VP gorn="15,0,1,2,1,1">
                <WORD ByteCount="2665,2669" gorn="15,0,1,2,1,1,0" lemma="run" pos="VBZ" sentenceWord="6" text="runs" word="516"/>
                <ADVP gorn="15,0,1,2,1,1,1">
                  <WORD ByteCount="2670,2674" gorn="15,0,1,2,1,1,1,0" lemma="more" pos="RBR" sentenceWord="7" text="more" word="517"/>
                  <WORD ByteCount="2675,2677" gorn="15,0,1,2,1,1,1,1" lemma="or" pos="CC" sentenceWord="8" text="or" word="518"/>
                  <WORD ByteCount="2678,2682" gorn="15,0,1,2,1,1,1,2" lemma="less" pos="RBR" sentenceWord="9" text="less" word="519"/>
                </ADVP>
                <PP gorn="15,0,1,2,1,1,2">
                  <WORD ByteCount="2683,2685" gorn="15,0,1,2,1,1,2,0" lemma="on" pos="IN" sentenceWord="10" text="on" word="520"/>
                  <NP gorn="15,0,1,2,1,1,2,1">
                    <WORD ByteCount="2686,2689" gorn="15,0,1,2,1,1,2,1,0" lemma="the" pos="DT" sentenceWord="11" text="the" word="521"/>
                    <WORD ByteCount="2690,2699" gorn="15,0,1,2,1,1,2,1,1" lemma="follow" pos="VBG" sentenceWord="12" text="following" word="522"/>
                    <WORD ByteCount="2700,2705" gorn="15,0,1,2,1,1,2,1,2" lemma="line" pos="NNS" sentenceWord="13" text="lines" word="523"/>
                  </NP>
                </PP>
              </VP>
            </S>
          </SBAR>
        </VP>
      </S>
      <WORD ByteCount="2705,2706" gorn="15,1" lemma=":" pos=":" sentenceWord="14" text=":" word="524"/>
      <S gorn="15,2">
        <S gorn="15,2,0">
          <WORD ByteCount="2707,2708" gorn="15,2,0,0" lemma="``" pos="``" sentenceWord="15" text="``" word="525">
            <attribution id="wsj_1655_PDTB_annotation_level.xml_set_0">
              <attributionRole roleValue="content"/>
            </attribution>
          </WORD>
          <NP gorn="15,2,0,1">
            <WORD ByteCount="2708,2709" gorn="15,2,0,1,0" lemma="I" pos="PRP" sentenceWord="16" text="I" word="526">
              <attribution id="wsj_1655_PDTB_annotation_level.xml_set_0">
                <attributionRole roleValue="content"/>
              </attribution>
            </WORD>
          </NP>
          <VP gorn="15,2,0,2">
            <WORD ByteCount="2709,2712" gorn="15,2,0,2,0" lemma="have" pos="VBP" sentenceWord="17" text="'ve" word="527">
              <attribution id="wsj_1655_PDTB_annotation_level.xml_set_0">
                <attributionRole roleValue="content"/>
              </attribution>
            </WORD>
            <VP gorn="15,2,0,2,1">
              <WORD ByteCount="2713,2722" gorn="15,2,0,2,1,0" lemma="submit" pos="VBN" sentenceWord="18" text="submitted" word="528">
                <attribution id="wsj_1655_PDTB_annotation_level.xml_set_0">
                  <attributionRole roleValue="content"/>
                </attribution>
              </WORD>
              <NP gorn="15,2,0,2,1,1">
                <NP gorn="15,2,0,2,1,1,0">
                  <WORD ByteCount="2723,2726" gorn="15,2,0,2,1,1,0,0" lemma="the" pos="DT" sentenceWord="19" text="the" word="529">
                    <attribution id="wsj_1655_PDTB_annotation_level.xml_set_0">
                      <attributionRole roleValue="content"/>
                    </attribution>
                  </WORD>
                  <WORD ByteCount="2727,2737" gorn="15,2,0,2,1,1,0,1" lemma="manuscript" pos="NN" sentenceWord="20" text="manuscript" word="530">
                    <attribution id="wsj_1655_PDTB_annotation_level.xml_set_0">
                      <attributionRole roleValue="content"/>
                    </attribution>
                  </WORD>
                </NP>
                <PP gorn="15,2,0,2,1,1,1">
                  <WORD ByteCount="2738,2740" gorn="15,2,0,2,1,1,1,0" lemma="of" pos="IN" sentenceWord="21" text="of" word="531">
                    <attribution id="wsj_1655_PDTB_annotation_level.xml_set_0">
                      <attributionRole roleValue="content"/>
                    </attribution>
                  </WORD>
                  <NP gorn="15,2,0,2,1,1,1,1">
                    <WORD ByteCount="2741,2743" gorn="15,2,0,2,1,1,1,1,0" lemma="my" pos="PRP$" sentenceWord="22" text="my" word="532">
                      <attribution id="wsj_1655_PDTB_annotation_level.xml_set_0">
                        <attributionRole roleValue="content"/>
                      </attribution>
                    </WORD>
                    <WORD ByteCount="2744,2749" gorn="15,2,0,2,1,1,1,1,1" lemma="novel" pos="NN" sentenceWord="23" text="novel" word="533">
                      <attribution id="wsj_1655_PDTB_annotation_level.xml_set_0">
                        <attributionRole roleValue="content"/>
                      </attribution>
                    </WORD>
                  </NP>
                </PP>
              </NP>
              <PP gorn="15,2,0,2,1,2">
                <WORD ByteCount="2750,2755" gorn="15,2,0,2,1,2,0" lemma="under" pos="IN" sentenceWord="24" text="under" word="534">
                  <attribution id="wsj_1655_PDTB_annotation_level.xml_set_0">
                    <attributionRole roleValue="content"/>
                  </attribution>
                </WORD>
                <NP gorn="15,2,0,2,1,2,1">
                  <WORD ByteCount="2756,2759" gorn="15,2,0,2,1,2,1,0" lemma="the" pos="DT" sentenceWord="25" text="the" word="535">
                    <attribution id="wsj_1655_PDTB_annotation_level.xml_set_0">
                      <attributionRole roleValue="content"/>
                    </attribution>
                  </WORD>
                  <WORD ByteCount="2760,2765" gorn="15,2,0,2,1,2,1,1" lemma="title" pos="NN" sentenceWord="26" text="title" word="536">
                    <attribution id="wsj_1655_PDTB_annotation_level.xml_set_0">
                      <attributionRole roleValue="content"/>
                    </attribution>
                  </WORD>
                  <WORD ByteCount="2766,2767" gorn="15,2,0,2,1,2,1,2" lemma="`" pos="``" sentenceWord="27" text="`" word="537">
                    <attribution id="wsj_1655_PDTB_annotation_level.xml_set_0">
                      <attributionRole roleValue="content"/>
                    </attribution>
                  </WORD>
                  <WORD ByteCount="2767,2773" gorn="15,2,0,2,1,2,1,3" lemma="Teresa" pos="NNP" sentenceWord="28" text="Teresa" word="538">
                    <attribution id="wsj_1655_PDTB_annotation_level.xml_set_0">
                      <attributionRole roleValue="content"/>
                    </attribution>
                  </WORD>
                  <WORD ByteCount="2774,2776" gorn="15,2,0,2,1,2,1,4" lemma="de" pos="NNP" sentenceWord="29" text="de" word="539">
                    <attribution id="wsj_1655_PDTB_annotation_level.xml_set_0">
                      <attributionRole roleValue="content"/>
                    </attribution>
                  </WORD>
                  <WORD ByteCount="2777,2783" gorn="15,2,0,2,1,2,1,5" lemma="Cepeda" pos="NNP" sentenceWord="30" text="Cepeda" word="540">
                    <attribution id="wsj_1655_PDTB_annotation_level.xml_set_0">
                      <attributionRole roleValue="content"/>
                    </attribution>
                  </WORD>
                </NP>
              </PP>
            </VP>
          </VP>
          <WORD ByteCount="2783,2784" gorn="15,2,0,3" lemma="," pos="," sentenceWord="31" text="," word="541">
            <attribution id="wsj_1655_PDTB_annotation_level.xml_set_0">
              <attributionRole roleValue="content"/>
            </attribution>
          </WORD>
          <WORD ByteCount="2785,2786" gorn="15,2,0,4" lemma="'" pos="''" sentenceWord="32" text="'" word="542">
            <attribution id="wsj_1655_PDTB_annotation_level.xml_set_0">
              <attributionRole roleValue="content"/>
            </attribution>
          </WORD>
        </S>
        <WORD ByteCount="2787,2790" gorn="15,2,1" lemma="and" pos="CC" sentenceWord="33" text="and" word="543">
          <attribution id="wsj_1655_PDTB_annotation_level.xml_set_0">
            <attributionRole roleValue="content"/>
          </attribution>
        </WORD>
        <S gorn="15,2,2">
          <PP gorn="15,2,2,0">
            <WORD ByteCount="2791,2793" gorn="15,2,2,0,0" lemma="in" pos="IN" sentenceWord="34" text="in" word="544">
              <attribution id="wsj_1655_PDTB_annotation_level.xml_set_0">
                <attributionRole roleValue="content"/>
              </attribution>
            </WORD>
            <NP gorn="15,2,2,0,1">
              <WORD ByteCount="2794,2796" gorn="15,2,2,0,1,0" lemma="it" pos="PRP" sentenceWord="35" text="it" word="545">
                <attribution id="wsj_1655_PDTB_annotation_level.xml_set_0">
                  <attributionRole roleValue="content"/>
                </attribution>
              </WORD>
            </NP>
          </PP>
          <NP gorn="15,2,2,1">
            <WORD ByteCount="2797,2798" gorn="15,2,2,1,0" lemma="I" pos="PRP" sentenceWord="36" text="I" word="546">
              <attribution id="wsj_1655_PDTB_annotation_level.xml_set_0">
                <attributionRole roleValue="content"/>
              </attribution>
            </WORD>
          </NP>
          <VP gorn="15,2,2,2">
            <WORD ByteCount="2798,2801" gorn="15,2,2,2,0" lemma="have" pos="VBP" sentenceWord="37" text="'ve" word="547">
              <attribution id="wsj_1655_PDTB_annotation_level.xml_set_0">
                <attributionRole roleValue="content"/>
              </attribution>
            </WORD>
            <VP gorn="15,2,2,2,1">
              <WORD ByteCount="2802,2809" gorn="15,2,2,2,1,0" lemma="treat" pos="VBN" sentenceWord="38" text="treated" word="548">
                <attribution id="wsj_1655_PDTB_annotation_level.xml_set_0">
                  <attributionRole roleValue="content"/>
                </attribution>
              </WORD>
              <NP gorn="15,2,2,2,1,1">
                <NP gorn="15,2,2,2,1,1,0">
                  <WORD ByteCount="2810,2811" gorn="15,2,2,2,1,1,0,0" lemma="a" pos="DT" sentenceWord="39" text="a" word="549">
                    <attribution id="wsj_1655_PDTB_annotation_level.xml_set_0">
                      <attributionRole roleValue="content"/>
                    </attribution>
                  </WORD>
                  <WORD ByteCount="2812,2815" gorn="15,2,2,2,1,1,0,1" lemma="few" pos="JJ" sentenceWord="40" text="few" word="550">
                    <attribution id="wsj_1655_PDTB_annotation_level.xml_set_0">
                      <attributionRole roleValue="content"/>
                    </attribution>
                  </WORD>
                  <WORD ByteCount="2816,2825" gorn="15,2,2,2,1,1,0,2" lemma="neglect" pos="VBN" sentenceWord="41" text="neglected" word="551">
                    <attribution id="wsj_1655_PDTB_annotation_level.xml_set_0">
                      <attributionRole roleValue="content"/>
                    </attribution>
                  </WORD>
                  <WORD ByteCount="2826,2833" gorn="15,2,2,2,1,1,0,3" lemma="aspect" pos="NNS" sentenceWord="42" text="aspects" word="552">
                    <attribution id="wsj_1655_PDTB_annotation_level.xml_set_0">
                      <attributionRole roleValue="content"/>
                    </attribution>
                  </WORD>
                </NP>
                <PP gorn="15,2,2,2,1,1,1">
                  <WORD ByteCount="2834,2836" gorn="15,2,2,2,1,1,1,0" lemma="of" pos="IN" sentenceWord="43" text="of" word="553">
                    <attribution id="wsj_1655_PDTB_annotation_level.xml_set_0">
                      <attributionRole roleValue="content"/>
                    </attribution>
                  </WORD>
                  <NP gorn="15,2,2,2,1,1,1,1">
                    <NP gorn="15,2,2,2,1,1,1,1,0">
                      <WORD ByteCount="2837,2841" gorn="15,2,2,2,1,1,1,1,0,0" lemma="that" pos="DT" sentenceWord="44" text="that" word="554">
                        <attribution id="wsj_1655_PDTB_annotation_level.xml_set_0">
                          <attributionRole roleValue="content"/>
                        </attribution>
                      </WORD>
                      <WORD ByteCount="2842,2849" gorn="15,2,2,2,1,1,1,1,0,1" lemma="eternal" pos="JJ" sentenceWord="45" text="eternal" word="555">
                        <attribution id="wsj_1655_PDTB_annotation_level.xml_set_0">
                          <attributionRole roleValue="content"/>
                        </attribution>
                      </WORD>
                      <WORD ByteCount="2850,2857" gorn="15,2,2,2,1,1,1,1,0,2" lemma="problem" pos="NN" sentenceWord="46" text="problem" word="556">
                        <attribution id="wsj_1655_PDTB_annotation_level.xml_set_0">
                          <attributionRole roleValue="content"/>
                        </attribution>
                      </WORD>
                    </NP>
                    <SBAR gorn="15,2,2,2,1,1,1,1,1">
                      <WHNP gorn="15,2,2,2,1,1,1,1,1,0">
                        <WORD ByteCount="2858,2863" gorn="15,2,2,2,1,1,1,1,1,0,0" lemma="which" pos="WDT" sentenceWord="47" text="which" word="557">
                          <attribution id="wsj_1655_PDTB_annotation_level.xml_set_0">
                            <attributionRole roleValue="content"/>
                          </attribution>
                        </WORD>
                      </WHNP>
                    </SBAR>
                  </NP>
                </PP>
              </NP>
            </VP>
          </VP>
        </S>
      </S>
      <WORD ByteCount="2864,2869" gorn="15,3" lemma="..." pos=":" sentenceWord="48" text="..." word="558">
        <attribution id="wsj_1655_PDTB_annotation_level.xml_set_0">
          <attributionRole roleValue="content"/>
        </attribution>
      </WORD>
      <WORD ByteCount="2869,2870" gorn="15,4" lemma="''" pos="''" sentenceWord="49" text="''" word="559">
        <attribution id="wsj_1655_PDTB_annotation_level.xml_set_0">
          <attributionRole roleValue="content"/>
        </attribution>
      </WORD>
    </S>
  </SENTENCE>
  <SENTENCE gorn="16">
    <FRAG gorn="16">
      <WORD ByteCount="2873,2874" gorn="16,0" lemma="``" pos="``" sentenceWord="0" text="``" word="560">
        <attribution id="wsj_1655_PDTB_annotation_level.xml_set_0">
          <attributionRole roleValue="content"/>
        </attribution>
      </WORD>
      <INTJ gorn="16,1">
        <WORD ByteCount="2874,2876" gorn="16,1,0" lemma="oh" pos="UH" sentenceWord="1" text="Oh" word="561">
          <attribution id="wsj_1655_PDTB_annotation_level.xml_set_0">
            <attributionRole roleValue="content"/>
          </attribution>
        </WORD>
        <WORD ByteCount="2876,2877" gorn="16,1,1" lemma="," pos="," sentenceWord="2" text="," word="562">
          <attribution id="wsj_1655_PDTB_annotation_level.xml_set_0">
            <attributionRole roleValue="content"/>
          </attribution>
        </WORD>
        <WORD ByteCount="2878,2881" gorn="16,1,2" lemma="yes" pos="UH" sentenceWord="3" text="yes" word="563">
          <attribution id="wsj_1655_PDTB_annotation_level.xml_set_0">
            <attributionRole roleValue="content"/>
          </attribution>
        </WORD>
      </INTJ>
      <WORD ByteCount="2881,2882" gorn="16,2" lemma="." pos="." sentenceWord="4" text="." word="564">
        <attribution id="wsj_1655_PDTB_annotation_level.xml_set_0">
          <attributionRole roleValue="content"/>
        </attribution>
      </WORD>
    </FRAG>
  </SENTENCE>
  <SENTENCE gorn="17">
    <SINV gorn="17">
      <WORD ByteCount="2883,2887" gorn="17,0" lemma="will" pos="MD" sentenceWord="0" text="Will" word="565">
        <attribution id="wsj_1655_PDTB_annotation_level.xml_set_0">
          <attributionRole roleValue="content"/>
        </attribution>
      </WORD>
      <NP gorn="17,1">
        <WORD ByteCount="2888,2891" gorn="17,1,0" lemma="you" pos="PRP" sentenceWord="1" text="you" word="566">
          <attribution id="wsj_1655_PDTB_annotation_level.xml_set_0">
            <attributionRole roleValue="content"/>
          </attribution>
        </WORD>
      </NP>
      <VP gorn="17,2">
        <WORD ByteCount="2892,2896" gorn="17,2,0" lemma="pour" pos="VB" sentenceWord="2" text="pour" word="567">
          <attribution id="wsj_1655_PDTB_annotation_level.xml_set_0">
            <attributionRole roleValue="content"/>
          </attribution>
        </WORD>
        <NP gorn="17,2,1">
          <WORD ByteCount="2897,2899" gorn="17,2,1,0" lemma="I" pos="PRP" sentenceWord="3" text="me" word="568">
            <attribution id="wsj_1655_PDTB_annotation_level.xml_set_0">
              <attributionRole roleValue="content"/>
            </attribution>
          </WORD>
        </NP>
        <ADVP gorn="17,2,2">
          <ADVP gorn="17,2,2,0">
            <NP gorn="17,2,2,0,0">
              <WORD ByteCount="2900,2901" gorn="17,2,2,0,0,0" lemma="a" pos="DT" sentenceWord="4" text="a" word="569">
                <attribution id="wsj_1655_PDTB_annotation_level.xml_set_0">
                  <attributionRole roleValue="content"/>
                </attribution>
              </WORD>
              <WORD ByteCount="2902,2906" gorn="17,2,2,0,0,1" lemma="drop" pos="NN" sentenceWord="5" text="drop" word="570">
                <attribution id="wsj_1655_PDTB_annotation_level.xml_set_0">
                  <attributionRole roleValue="content"/>
                </attribution>
              </WORD>
            </NP>
            <PP gorn="17,2,2,0,1">
              <WORD ByteCount="2907,2909" gorn="17,2,2,0,1,0" lemma="of" pos="IN" sentenceWord="6" text="of" word="571">
                <attribution id="wsj_1655_PDTB_annotation_level.xml_set_0">
                  <attributionRole roleValue="content"/>
                </attribution>
              </WORD>
              <NP gorn="17,2,2,0,1,1">
                <WORD ByteCount="2910,2915" gorn="17,2,2,0,1,1,0" lemma="water" pos="NN" sentenceWord="7" text="water" word="572">
                  <attribution id="wsj_1655_PDTB_annotation_level.xml_set_0">
                    <attributionRole roleValue="content"/>
                  </attribution>
                </WORD>
              </NP>
            </PP>
          </ADVP>
          <WORD ByteCount="2915,2916" gorn="17,2,2,1" lemma="," pos="," sentenceWord="8" text="," word="573">
            <attribution id="wsj_1655_PDTB_annotation_level.xml_set_0">
              <attributionRole roleValue="content"/>
            </attribution>
          </WORD>
          <SBAR gorn="17,2,2,2">
            <WORD ByteCount="2917,2919" gorn="17,2,2,2,0" lemma="if" pos="IN" sentenceWord="9" text="if" word="574">
              <attribution id="wsj_1655_PDTB_annotation_level.xml_set_0">
                <attributionRole roleValue="content"/>
              </attribution>
            </WORD>
            <S gorn="17,2,2,2,1">
              <NP gorn="17,2,2,2,1,0">
                <WORD ByteCount="2920,2923" gorn="17,2,2,2,1,0,0" lemma="you" pos="PRP" sentenceWord="10" text="you" word="575">
                  <attribution id="wsj_1655_PDTB_annotation_level.xml_set_0">
                    <attributionRole roleValue="content"/>
                  </attribution>
                </WORD>
              </NP>
              <VP gorn="17,2,2,2,1,1">
                <WORD ByteCount="2924,2926" gorn="17,2,2,2,1,1,0" lemma="do" pos="VBP" sentenceWord="11" text="do" word="576">
                  <attribution id="wsj_1655_PDTB_annotation_level.xml_set_0">
                    <attributionRole roleValue="content"/>
                  </attribution>
                </WORD>
                <WORD ByteCount="2926,2929" gorn="17,2,2,2,1,1,1" lemma="not" pos="RB" sentenceWord="12" text="n't" word="577">
                  <attribution id="wsj_1655_PDTB_annotation_level.xml_set_0">
                    <attributionRole roleValue="content"/>
                  </attribution>
                </WORD>
                <VP gorn="17,2,2,2,1,1,2">
                  <WORD ByteCount="2930,2934" gorn="17,2,2,2,1,1,2,0" lemma="mind" pos="VB" sentenceWord="13" text="mind" word="578">
                    <attribution id="wsj_1655_PDTB_annotation_level.xml_set_0">
                      <attributionRole roleValue="content"/>
                    </attribution>
                  </WORD>
                </VP>
              </VP>
            </S>
            <WORD ByteCount="2934,2935" gorn="17,2,2,2,2" lemma="?" pos="." sentenceWord="14" text="?" word="579">
              <attribution id="wsj_1655_PDTB_annotation_level.xml_set_0">
                <attributionRole roleValue="content"/>
              </attribution>
            </WORD>
            <WORD ByteCount="2935,2936" gorn="17,2,2,2,3" lemma="''" pos="''" sentenceWord="15" text="''" word="580">
              <attribution id="wsj_1655_PDTB_annotation_level.xml_set_0">
                <attributionRole roleValue="content"/>
              </attribution>
            </WORD>
          </SBAR>
        </ADVP>
      </VP>
    </SINV>
  </SENTENCE>
  <SENTENCE gorn="18">
    <PP gorn="18">
      <WORD ByteCount="2939,2940" gorn="18,0" lemma="``" pos="``" sentenceWord="0" text="``" word="581">
        <attribution id="wsj_1655_PDTB_annotation_level.xml_set_0">
          <attributionRole roleValue="content"/>
        </attribution>
      </WORD>
      <WORD ByteCount="2940,2944" gorn="18,1" lemma="with" pos="IN" sentenceWord="1" text="With" word="582">
        <attribution id="wsj_1655_PDTB_annotation_level.xml_set_0">
          <attributionRole roleValue="content"/>
        </attribution>
      </WORD>
      <NP gorn="18,2">
        <WORD ByteCount="2945,2953" gorn="18,2,0" lemma="pleasure" pos="NN" sentenceWord="2" text="pleasure" word="583">
          <attribution id="wsj_1655_PDTB_annotation_level.xml_set_0">
            <attributionRole roleValue="content"/>
          </attribution>
        </WORD>
      </NP>
      <WORD ByteCount="2953,2954" gorn="18,3" lemma="." pos="." sentenceWord="3" text="." word="584">
        <attribution id="wsj_1655_PDTB_annotation_level.xml_set_0">
          <attributionRole roleValue="content"/>
        </attribution>
      </WORD>
    </PP>
  </SENTENCE>
  <SENTENCE gorn="19">
    <S gorn="19">
      <S gorn="19,0">
        <NP gorn="19,0,0">
          <WORD ByteCount="2955,2956" gorn="19,0,0,0" lemma="I" pos="PRP" sentenceWord="0" text="I" word="585">
            <attribution id="wsj_1655_PDTB_annotation_level.xml_set_0">
              <attributionRole roleValue="content"/>
            </attribution>
          </WORD>
        </NP>
        <VP gorn="19,0,1">
          <WORD ByteCount="2956,2959" gorn="19,0,1,0" lemma="have" pos="VBP" sentenceWord="1" text="'ve" word="586">
            <attribution id="wsj_1655_PDTB_annotation_level.xml_set_0">
              <attributionRole roleValue="content"/>
            </attribution>
          </WORD>
          <VP gorn="19,0,1,1">
            <WORD ByteCount="2960,2967" gorn="19,0,1,1,0" lemma="revise" pos="VBN" sentenceWord="2" text="revised" word="587">
              <attribution id="wsj_1655_PDTB_annotation_level.xml_set_0">
                <attributionRole roleValue="content"/>
              </attribution>
            </WORD>
            <NP gorn="19,0,1,1,1">
              <WORD ByteCount="2968,2970" gorn="19,0,1,1,1,0" lemma="it" pos="PRP" sentenceWord="3" text="it" word="588">
                <attribution id="wsj_1655_PDTB_annotation_level.xml_set_0">
                  <attributionRole roleValue="content"/>
                </attribution>
              </WORD>
            </NP>
            <NP-TMP gorn="19,0,1,1,2">
              <WORD ByteCount="2971,2978" gorn="19,0,1,1,2,0" lemma="several" pos="JJ" sentenceWord="4" text="several" word="589">
                <attribution id="wsj_1655_PDTB_annotation_level.xml_set_0">
                  <attributionRole roleValue="content"/>
                </attribution>
              </WORD>
              <WORD ByteCount="2979,2984" gorn="19,0,1,1,2,1" lemma="time" pos="NNS" sentenceWord="5" text="times" word="590">
                <attribution id="wsj_1655_PDTB_annotation_level.xml_set_0">
                  <attributionRole roleValue="content"/>
                </attribution>
              </WORD>
            </NP-TMP>
          </VP>
        </VP>
      </S>
      <WORD ByteCount="2985,2988" gorn="19,1" lemma="and" pos="CC" sentenceWord="6" text="and" word="591">
        <attribution id="wsj_1655_PDTB_annotation_level.xml_set_0">
          <attributionRole roleValue="content"/>
        </attribution>
      </WORD>
      <S gorn="19,2">
        <NP gorn="19,2,0">
          <WORD ByteCount="2989,2990" gorn="19,2,0,0" lemma="I" pos="PRP" sentenceWord="7" text="I" word="592">
            <attribution id="wsj_1655_PDTB_annotation_level.xml_set_0">
              <attributionRole roleValue="content"/>
            </attribution>
          </WORD>
        </NP>
        <VP gorn="19,2,1">
          <WORD ByteCount="2991,2996" gorn="19,2,1,0" lemma="think" pos="VBP" sentenceWord="8" text="think" word="593">
            <attribution id="wsj_1655_PDTB_annotation_level.xml_set_0">
              <attributionRole roleValue="content"/>
            </attribution>
          </WORD>
          <SBAR gorn="19,2,1,1">
            <S gorn="19,2,1,1,0">
              <NP gorn="19,2,1,1,0,0">
                <WORD ByteCount="2997,2998" gorn="19,2,1,1,0,0,0" lemma="I" pos="PRP" sentenceWord="9" text="I" word="594">
                  <attribution id="wsj_1655_PDTB_annotation_level.xml_set_0">
                    <attributionRole roleValue="content"/>
                  </attribution>
                </WORD>
              </NP>
              <VP gorn="19,2,1,1,0,1">
                <WORD ByteCount="2999,3002" gorn="19,2,1,1,0,1,0" lemma="may" pos="MD" sentenceWord="10" text="may" word="595">
                  <attribution id="wsj_1655_PDTB_annotation_level.xml_set_0">
                    <attributionRole roleValue="content"/>
                  </attribution>
                </WORD>
                <VP gorn="19,2,1,1,0,1,1">
                  <WORD ByteCount="3003,3006" gorn="19,2,1,1,0,1,1,0" lemma="say" pos="VB" sentenceWord="11" text="say" word="596">
                    <attribution id="wsj_1655_PDTB_annotation_level.xml_set_0">
                      <attributionRole roleValue="content"/>
                    </attribution>
                  </WORD>
                  <PP gorn="19,2,1,1,0,1,1,1">
                    <WORD ByteCount="3007,3011" gorn="19,2,1,1,0,1,1,1,0" lemma="with" pos="IN" sentenceWord="12" text="with" word="597">
                      <attribution id="wsj_1655_PDTB_annotation_level.xml_set_0">
                        <attributionRole roleValue="content"/>
                      </attribution>
                    </WORD>
                    <NP gorn="19,2,1,1,0,1,1,1,1">
                      <WORD ByteCount="3012,3017" gorn="19,2,1,1,0,1,1,1,1,0" lemma="pride" pos="NN" sentenceWord="13" text="pride" word="598">
                        <attribution id="wsj_1655_PDTB_annotation_level.xml_set_0">
                          <attributionRole roleValue="content"/>
                        </attribution>
                      </WORD>
                    </NP>
                  </PP>
                  <SBAR gorn="19,2,1,1,0,1,1,2">
                    <WORD ByteCount="3018,3022" gorn="19,2,1,1,0,1,1,2,0" lemma="that" pos="IN" sentenceWord="14" text="that" word="599">
                      <attribution id="wsj_1655_PDTB_annotation_level.xml_set_0">
                        <attributionRole roleValue="content"/>
                      </attribution>
                    </WORD>
                    <S gorn="19,2,1,1,0,1,1,2,1">
                      <NP gorn="19,2,1,1,0,1,1,2,1,0">
                        <WORD ByteCount="3023,3028" gorn="19,2,1,1,0,1,1,2,1,0,0" lemma="there" pos="EX" sentenceWord="15" text="there" word="600">
                          <attribution id="wsj_1655_PDTB_annotation_level.xml_set_0">
                            <attributionRole roleValue="content"/>
                          </attribution>
                        </WORD>
                      </NP>
                      <VP gorn="19,2,1,1,0,1,1,2,1,1">
                        <WORD ByteCount="3029,3031" gorn="19,2,1,1,0,1,1,2,1,1,0" lemma="be" pos="VBZ" sentenceWord="16" text="is" word="601">
                          <attribution id="wsj_1655_PDTB_annotation_level.xml_set_0">
                            <attributionRole roleValue="content"/>
                          </attribution>
                        </WORD>
                        <WORD ByteCount="3032,3035" gorn="19,2,1,1,0,1,1,2,1,1,1" lemma="not" pos="RB" sentenceWord="17" text="not" word="602">
                          <attribution id="wsj_1655_PDTB_annotation_level.xml_set_0">
                            <attributionRole roleValue="content"/>
                          </attribution>
                        </WORD>
                        <NP gorn="19,2,1,1,0,1,1,2,1,1,2">
                          <NP gorn="19,2,1,1,0,1,1,2,1,1,2,0">
                            <WORD ByteCount="3036,3037" gorn="19,2,1,1,0,1,1,2,1,1,2,0,0" lemma="a" pos="DT" sentenceWord="18" text="a" word="603">
                              <attribution id="wsj_1655_PDTB_annotation_level.xml_set_0">
                                <attributionRole roleValue="content"/>
                              </attribution>
                            </WORD>
                            <WORD ByteCount="3038,3044" gorn="19,2,1,1,0,1,1,2,1,1,2,0,1" lemma="single" pos="JJ" sentenceWord="19" text="single" word="604">
                              <attribution id="wsj_1655_PDTB_annotation_level.xml_set_0">
                                <attributionRole roleValue="content"/>
                              </attribution>
                            </WORD>
                            <WORD ByteCount="3045,3055" gorn="19,2,1,1,0,1,1,2,1,1,2,0,2" lemma="discordant" pos="JJ" sentenceWord="20" text="discordant" word="605">
                              <attribution id="wsj_1655_PDTB_annotation_level.xml_set_0">
                                <attributionRole roleValue="content"/>
                              </attribution>
                            </WORD>
                            <WORD ByteCount="3056,3060" gorn="19,2,1,1,0,1,1,2,1,1,2,0,3" lemma="word" pos="NN" sentenceWord="21" text="word" word="606">
                              <attribution id="wsj_1655_PDTB_annotation_level.xml_set_0">
                                <attributionRole roleValue="content"/>
                              </attribution>
                            </WORD>
                          </NP>
                          <PP gorn="19,2,1,1,0,1,1,2,1,1,2,1">
                            <WORD ByteCount="3061,3063" gorn="19,2,1,1,0,1,1,2,1,1,2,1,0" lemma="in" pos="IN" sentenceWord="22" text="in" word="607">
                              <attribution id="wsj_1655_PDTB_annotation_level.xml_set_0">
                                <attributionRole roleValue="content"/>
                              </attribution>
                            </WORD>
                            <NP gorn="19,2,1,1,0,1,1,2,1,1,2,1,1">
                              <WORD ByteCount="3064,3067" gorn="19,2,1,1,0,1,1,2,1,1,2,1,1,0" lemma="the" pos="DT" sentenceWord="23" text="the" word="608">
                                <attribution id="wsj_1655_PDTB_annotation_level.xml_set_0">
                                  <attributionRole roleValue="content"/>
                                </attribution>
                              </WORD>
                              <WORD ByteCount="3068,3073" gorn="19,2,1,1,0,1,1,2,1,1,2,1,1,1" lemma="whole" pos="JJ" sentenceWord="24" text="whole" word="609">
                                <attribution id="wsj_1655_PDTB_annotation_level.xml_set_0">
                                  <attributionRole roleValue="content"/>
                                </attribution>
                              </WORD>
                              <WORD ByteCount="3074,3078" gorn="19,2,1,1,0,1,1,2,1,1,2,1,1,2" lemma="text" pos="NN" sentenceWord="25" text="text" word="610">
                                <attribution id="wsj_1655_PDTB_annotation_level.xml_set_0">
                                  <attributionRole roleValue="content"/>
                                </attribution>
                              </WORD>
                            </NP>
                          </PP>
                        </NP>
                      </VP>
                    </S>
                  </SBAR>
                </VP>
              </VP>
            </S>
          </SBAR>
        </VP>
      </S>
      <WORD ByteCount="3078,3079" gorn="19,3" lemma="." pos="." sentenceWord="26" text="." word="611">
        <attribution id="wsj_1655_PDTB_annotation_level.xml_set_0">
          <attributionRole roleValue="content"/>
        </attribution>
      </WORD>
      <WORD ByteCount="3079,3080" gorn="19,4" lemma="''" pos="''" sentenceWord="27" text="''" word="612">
        <attribution id="wsj_1655_PDTB_annotation_level.xml_set_0">
          <attributionRole roleValue="content"/>
        </attribution>
      </WORD>
    </S>
  </SENTENCE>
  <SENTENCE gorn="20">
    <FRAG gorn="20">
      <WHADVP gorn="20,0">
        <WORD ByteCount="3083,3084" gorn="20,0,0" lemma="``" pos="``" sentenceWord="0" text="``" word="613">
          <attribution id="wsj_1655_PDTB_annotation_level.xml_set_0">
            <attributionRole roleValue="content"/>
          </attribution>
        </WORD>
        <WORD ByteCount="3084,3087" gorn="20,0,1" lemma="how" pos="WRB" sentenceWord="1" text="How" word="614">
          <attribution id="wsj_1655_PDTB_annotation_level.xml_set_0">
            <attributionRole roleValue="content"/>
          </attribution>
        </WORD>
        <WORD ByteCount="3088,3099" gorn="20,0,2" lemma="interesting" pos="JJ" sentenceWord="2" text="interesting" word="615">
          <attribution id="wsj_1655_PDTB_annotation_level.xml_set_0">
            <attributionRole roleValue="content"/>
          </attribution>
        </WORD>
        <WORD ByteCount="3099,3100" gorn="20,0,3" lemma="." pos="." sentenceWord="3" text="." word="616">
          <attribution id="wsj_1655_PDTB_annotation_level.xml_set_0">
            <attributionRole roleValue="content"/>
          </attribution>
        </WORD>
        <WORD ByteCount="3100,3101" gorn="20,0,4" lemma="''" pos="''" sentenceWord="4" text="''" word="617">
          <attribution id="wsj_1655_PDTB_annotation_level.xml_set_0">
            <attributionRole roleValue="content"/>
          </attribution>
        </WORD>
      </WHADVP>
    </FRAG>
  </SENTENCE>
  <SENTENCE gorn="21">
    <S gorn="21">
      <WORD ByteCount="3104,3105" gorn="21,0" lemma="``" pos="``" sentenceWord="0" text="``" word="618">
        <attribution id="wsj_1655_PDTB_annotation_level.xml_set_0">
          <attributionRole roleValue="content"/>
        </attribution>
      </WORD>
      <NP gorn="21,1">
        <WORD ByteCount="3105,3106" gorn="21,1,0" lemma="I" pos="PRP" sentenceWord="1" text="I" word="619">
          <attribution id="wsj_1655_PDTB_annotation_level.xml_set_0">
            <attributionRole roleValue="content"/>
          </attribution>
        </WORD>
      </NP>
      <VP gorn="21,2">
        <WORD ByteCount="3107,3112" gorn="21,2,0" lemma="think" pos="VBP" sentenceWord="2" text="think" word="620">
          <attribution id="wsj_1655_PDTB_annotation_level.xml_set_0">
            <attributionRole roleValue="content"/>
          </attribution>
        </WORD>
        <ADVP gorn="21,2,1">
          <WORD ByteCount="3113,3115" gorn="21,2,1,0" lemma="so" pos="RB" sentenceWord="3" text="so" word="621">
            <attribution id="wsj_1655_PDTB_annotation_level.xml_set_0">
              <attributionRole roleValue="content"/>
            </attribution>
          </WORD>
        </ADVP>
      </VP>
      <WORD ByteCount="3115,3116" gorn="21,3" lemma="." pos="." sentenceWord="4" text="." word="622">
        <attribution id="wsj_1655_PDTB_annotation_level.xml_set_0">
          <attributionRole roleValue="content"/>
        </attribution>
      </WORD>
    </S>
  </SENTENCE>
  <SENTENCE gorn="22">
    <S gorn="22">
      <S gorn="22,0">
        <NP gorn="22,0,0">
          <WORD ByteCount="3117,3118" gorn="22,0,0,0" lemma="I" pos="PRP" sentenceWord="0" text="I" word="623">
            <attribution id="wsj_1655_PDTB_annotation_level.xml_set_0">
              <attributionRole roleValue="content"/>
            </attribution>
          </WORD>
        </NP>
        <VP gorn="22,0,1">
          <WORD ByteCount="3119,3121" gorn="22,0,1,0" lemma="do" pos="VBP" sentenceWord="1" text="do" word="624">
            <attribution id="wsj_1655_PDTB_annotation_level.xml_set_0">
              <attributionRole roleValue="content"/>
            </attribution>
          </WORD>
          <WORD ByteCount="3121,3124" gorn="22,0,1,1" lemma="not" pos="RB" sentenceWord="2" text="n't" word="625">
            <attribution id="wsj_1655_PDTB_annotation_level.xml_set_0">
              <attributionRole roleValue="content"/>
            </attribution>
          </WORD>
          <VP gorn="22,0,1,2">
            <WORD ByteCount="3125,3129" gorn="22,0,1,2,0" lemma="know" pos="VB" sentenceWord="3" text="know" word="626">
              <attribution id="wsj_1655_PDTB_annotation_level.xml_set_0">
                <attributionRole roleValue="content"/>
              </attribution>
            </WORD>
            <NP gorn="22,0,1,2,1">
              <NP gorn="22,0,1,2,1,0">
                <WORD ByteCount="3130,3133" gorn="22,0,1,2,1,0,0" lemma="the" pos="DT" sentenceWord="4" text="the" word="627">
                  <attribution id="wsj_1655_PDTB_annotation_level.xml_set_0">
                    <attributionRole roleValue="content"/>
                  </attribution>
                </WORD>
                <WORD ByteCount="3134,3141" gorn="22,0,1,2,1,0,1" lemma="quality" pos="NN" sentenceWord="5" text="quality" word="628">
                  <attribution id="wsj_1655_PDTB_annotation_level.xml_set_0">
                    <attributionRole roleValue="content"/>
                  </attribution>
                </WORD>
              </NP>
              <PP gorn="22,0,1,2,1,1">
                <WORD ByteCount="3142,3144" gorn="22,0,1,2,1,1,0" lemma="of" pos="IN" sentenceWord="6" text="of" word="629">
                  <attribution id="wsj_1655_PDTB_annotation_level.xml_set_0">
                    <attributionRole roleValue="content"/>
                  </attribution>
                </WORD>
                <NP gorn="22,0,1,2,1,1,1">
                  <NP gorn="22,0,1,2,1,1,1,0">
                    <WORD ByteCount="3145,3148" gorn="22,0,1,2,1,1,1,0,0" lemma="the" pos="DT" sentenceWord="7" text="the" word="630">
                      <attribution id="wsj_1655_PDTB_annotation_level.xml_set_0">
                        <attributionRole roleValue="content"/>
                      </attribution>
                    </WORD>
                    <WORD ByteCount="3149,3154" gorn="22,0,1,2,1,1,1,0,1" lemma="work" pos="NNS" sentenceWord="8" text="works" word="631">
                      <attribution id="wsj_1655_PDTB_annotation_level.xml_set_0">
                        <attributionRole roleValue="content"/>
                      </attribution>
                    </WORD>
                  </NP>
                  <SBAR gorn="22,0,1,2,1,1,1,1">
                    <S gorn="22,0,1,2,1,1,1,1,0">
                      <NP gorn="22,0,1,2,1,1,1,1,0,0">
                        <WORD ByteCount="3155,3157" gorn="22,0,1,2,1,1,1,1,0,0,0" lemma="my" pos="PRP$" sentenceWord="9" text="my" word="632">
                          <attribution id="wsj_1655_PDTB_annotation_level.xml_set_0">
                            <attributionRole roleValue="content"/>
                          </attribution>
                        </WORD>
                        <WORD ByteCount="3158,3168" gorn="22,0,1,2,1,1,1,1,0,0,1" lemma="colleague" pos="NNS" sentenceWord="10" text="colleagues" word="633">
                          <attribution id="wsj_1655_PDTB_annotation_level.xml_set_0">
                            <attributionRole roleValue="content"/>
                          </attribution>
                        </WORD>
                      </NP>
                      <VP gorn="22,0,1,2,1,1,1,1,0,1">
                        <WORD ByteCount="3169,3173" gorn="22,0,1,2,1,1,1,1,0,1,0" lemma="have" pos="VBP" sentenceWord="11" text="have" word="634">
                          <attribution id="wsj_1655_PDTB_annotation_level.xml_set_0">
                            <attributionRole roleValue="content"/>
                          </attribution>
                        </WORD>
                        <VP gorn="22,0,1,2,1,1,1,1,0,1,1">
                          <WORD ByteCount="3174,3178" gorn="22,0,1,2,1,1,1,1,0,1,1,0" lemma="send" pos="VBN" sentenceWord="12" text="sent" word="635">
                            <attribution id="wsj_1655_PDTB_annotation_level.xml_set_0">
                              <attributionRole roleValue="content"/>
                            </attribution>
                          </WORD>
                          <PRT gorn="22,0,1,2,1,1,1,1,0,1,1,1">
                            <WORD ByteCount="3179,3181" gorn="22,0,1,2,1,1,1,1,0,1,1,1,0" lemma="in" pos="RP" sentenceWord="13" text="in" word="636">
                              <attribution id="wsj_1655_PDTB_annotation_level.xml_set_0">
                                <attributionRole roleValue="content"/>
                              </attribution>
                            </WORD>
                          </PRT>
                        </VP>
                      </VP>
                    </S>
                  </SBAR>
                </NP>
              </PP>
            </NP>
          </VP>
        </VP>
      </S>
      <WORD ByteCount="3181,3182" gorn="22,1" lemma="," pos="," sentenceWord="14" text="," word="637">
        <attribution id="wsj_1655_PDTB_annotation_level.xml_set_0">
          <attributionRole roleValue="content"/>
        </attribution>
      </WORD>
      <WORD ByteCount="3183,3186" gorn="22,2" lemma="but" pos="CC" sentenceWord="15" text="but" word="638">
        <attribution id="wsj_1655_PDTB_annotation_level.xml_set_0">
          <attributionRole roleValue="content"/>
        </attribution>
      </WORD>
      <S gorn="22,3">
        <PP gorn="22,3,0">
          <WORD ByteCount="3187,3189" gorn="22,3,0,0" lemma="in" pos="IN" sentenceWord="16" text="in" word="639">
            <attribution id="wsj_1655_PDTB_annotation_level.xml_set_0">
              <attributionRole roleValue="content"/>
            </attribution>
          </WORD>
          <NP gorn="22,3,0,1">
            <WORD ByteCount="3190,3193" gorn="22,3,0,1,0" lemma="any" pos="DT" sentenceWord="17" text="any" word="640">
              <attribution id="wsj_1655_PDTB_annotation_level.xml_set_0">
                <attributionRole roleValue="content"/>
              </attribution>
            </WORD>
            <WORD ByteCount="3194,3198" gorn="22,3,0,1,1" lemma="case" pos="NN" sentenceWord="18" text="case" word="641">
              <attribution id="wsj_1655_PDTB_annotation_level.xml_set_0">
                <attributionRole roleValue="content"/>
              </attribution>
            </WORD>
          </NP>
        </PP>
        <NP gorn="22,3,1">
          <WORD ByteCount="3199,3200" gorn="22,3,1,0" lemma="I" pos="PRP" sentenceWord="19" text="I" word="642">
            <attribution id="wsj_1655_PDTB_annotation_level.xml_set_0">
              <attributionRole roleValue="content"/>
            </attribution>
          </WORD>
        </NP>
        <VP gorn="22,3,2">
          <WORD ByteCount="3201,3205" gorn="22,3,2,0" lemma="feel" pos="VBP" sentenceWord="20" text="feel" word="643">
            <attribution id="wsj_1655_PDTB_annotation_level.xml_set_0">
              <attributionRole roleValue="content"/>
            </attribution>
          </WORD>
          <ADJP gorn="22,3,2,1">
            <WORD ByteCount="3206,3215" gorn="22,3,2,1,0" lemma="confident" pos="JJ" sentenceWord="21" text="confident" word="644">
              <attribution id="wsj_1655_PDTB_annotation_level.xml_set_0">
                <attributionRole roleValue="content"/>
              </attribution>
            </WORD>
            <SBAR gorn="22,3,2,1,1">
              <WORD ByteCount="3216,3220" gorn="22,3,2,1,1,0" lemma="that" pos="IN" sentenceWord="22" text="that" word="645">
                <attribution id="wsj_1655_PDTB_annotation_level.xml_set_0">
                  <attributionRole roleValue="content"/>
                </attribution>
              </WORD>
              <FRAG gorn="22,3,2,1,1,1">
                <NP gorn="22,3,2,1,1,1,0">
                  <NP gorn="22,3,2,1,1,1,0,0">
                    <WORD ByteCount="3221,3225" gorn="22,3,2,1,1,1,0,0,0" lemma="good" pos="JJ" sentenceWord="23" text="good" word="646">
                      <attribution id="wsj_1655_PDTB_annotation_level.xml_set_0">
                        <attributionRole roleValue="content"/>
                      </attribution>
                    </WORD>
                    <WORD ByteCount="3226,3231" gorn="22,3,2,1,1,1,0,0,1" lemma="sense" pos="NN" sentenceWord="24" text="sense" word="647">
                      <attribution id="wsj_1655_PDTB_annotation_level.xml_set_0">
                        <attributionRole roleValue="content"/>
                      </attribution>
                    </WORD>
                  </NP>
                  <WORD ByteCount="3232,3235" gorn="22,3,2,1,1,1,0,1" lemma="and" pos="CC" sentenceWord="25" text="and" word="648">
                    <attribution id="wsj_1655_PDTB_annotation_level.xml_set_0">
                      <attributionRole roleValue="content"/>
                    </attribution>
                  </WORD>
                  <NP gorn="22,3,2,1,1,1,0,2">
                    <WORD ByteCount="3236,3242" gorn="22,3,2,1,1,1,0,2,0" lemma="honest" pos="JJ" sentenceWord="26" text="honest" word="649">
                      <attribution id="wsj_1655_PDTB_annotation_level.xml_set_0">
                        <attributionRole roleValue="content"/>
                      </attribution>
                    </WORD>
                    <WORD ByteCount="3243,3251" gorn="22,3,2,1,1,1,0,2,1" lemma="judgment" pos="NN" sentenceWord="27" text="judgment" word="650">
                      <attribution id="wsj_1655_PDTB_annotation_level.xml_set_0">
                        <attributionRole roleValue="content"/>
                      </attribution>
                    </WORD>
                  </NP>
                </NP>
              </FRAG>
            </SBAR>
          </ADJP>
        </VP>
      </S>
      <WORD ByteCount="3252,3257" gorn="22,4" lemma="..." pos=":" sentenceWord="28" text="..." word="651">
        <attribution id="wsj_1655_PDTB_annotation_level.xml_set_0">
          <attributionRole roleValue="content"/>
        </attribution>
      </WORD>
      <WORD ByteCount="3257,3258" gorn="22,5" lemma="''" pos="''" sentenceWord="29" text="''" word="652">
        <attribution id="wsj_1655_PDTB_annotation_level.xml_set_0">
          <attributionRole roleValue="content"/>
        </attribution>
      </WORD>
    </S>
  </SENTENCE>
  <SENTENCE gorn="23">
    <S gorn="23">
      <WORD ByteCount="3261,3262" gorn="23,0" lemma="``" pos="``" sentenceWord="0" text="``" word="653">
        <attribution id="wsj_1655_PDTB_annotation_level.xml_set_0">
          <attributionRole roleValue="content"/>
        </attribution>
      </WORD>
      <S gorn="23,1">
        <VP gorn="23,1,0">
          <WORD ByteCount="3262,3266" gorn="23,1,0,0" lemma="rest" pos="VB" sentenceWord="1" text="Rest" word="654">
            <attribution id="wsj_1655_PDTB_annotation_level.xml_set_0">
              <attributionRole roleValue="content"/>
            </attribution>
          </WORD>
          <ADJP gorn="23,1,0,1">
            <WORD ByteCount="3267,3274" gorn="23,1,0,1,0" lemma="assure" pos="VBN" sentenceWord="2" text="assured" word="655">
              <attribution id="wsj_1655_PDTB_annotation_level.xml_set_0">
                <attributionRole roleValue="content"/>
              </attribution>
            </WORD>
          </ADJP>
        </VP>
      </S>
      <WORD ByteCount="3274,3275" gorn="23,2" lemma="," pos="," sentenceWord="3" text="," word="656">
        <attribution id="wsj_1655_PDTB_annotation_level.xml_set_0">
          <attributionRole roleValue="content"/>
        </attribution>
      </WORD>
      <NP gorn="23,3">
        <WORD ByteCount="3276,3278" gorn="23,3,0" lemma="we" pos="PRP" sentenceWord="4" text="we" word="657">
          <attribution id="wsj_1655_PDTB_annotation_level.xml_set_0">
            <attributionRole roleValue="content"/>
          </attribution>
        </WORD>
      </NP>
      <VP gorn="23,4">
        <WORD ByteCount="3279,3286" gorn="23,4,0" lemma="proceed" pos="VBP" sentenceWord="5" text="proceed" word="658">
          <attribution id="wsj_1655_PDTB_annotation_level.xml_set_0">
            <attributionRole roleValue="content"/>
          </attribution>
        </WORD>
        <PP gorn="23,4,1">
          <WORD ByteCount="3287,3291" gorn="23,4,1,0" lemma="with" pos="IN" sentenceWord="6" text="with" word="659">
            <attribution id="wsj_1655_PDTB_annotation_level.xml_set_0">
              <attributionRole roleValue="content"/>
            </attribution>
          </WORD>
          <NP gorn="23,4,1,1">
            <WORD ByteCount="3292,3301" gorn="23,4,1,1,0" lemma="exemplary" pos="JJ" sentenceWord="7" text="exemplary" word="660">
              <attribution id="wsj_1655_PDTB_annotation_level.xml_set_0">
                <attributionRole roleValue="content"/>
              </attribution>
            </WORD>
            <WORD ByteCount="3302,3310" gorn="23,4,1,1,1" lemma="fairness" pos="NN" sentenceWord="8" text="fairness" word="661">
              <attribution id="wsj_1655_PDTB_annotation_level.xml_set_0">
                <attributionRole roleValue="content"/>
              </attribution>
            </WORD>
          </NP>
        </PP>
      </VP>
      <WORD ByteCount="3310,3311" gorn="23,5" lemma="." pos="." sentenceWord="9" text="." word="662">
        <attribution id="wsj_1655_PDTB_annotation_level.xml_set_0">
          <attributionRole roleValue="content"/>
        </attribution>
      </WORD>
      <WORD ByteCount="3311,3312" gorn="23,6" lemma="''" pos="''" sentenceWord="10" text="''" word="663">
        <attribution id="wsj_1655_PDTB_annotation_level.xml_set_0">
          <attributionRole roleValue="content"/>
        </attribution>
      </WORD>
    </S>
  </SENTENCE>
  <SENTENCE gorn="24">
    <S gorn="24">
      <WORD ByteCount="3315,3316" gorn="24,0" lemma="``" pos="``" sentenceWord="0" text="``" word="664">
        <attribution id="wsj_1655_PDTB_annotation_level.xml_set_0">
          <attributionRole roleValue="content"/>
        </attribution>
      </WORD>
      <NP gorn="24,1">
        <WORD ByteCount="3316,3317" gorn="24,1,0" lemma="I" pos="PRP" sentenceWord="1" text="I" word="665">
          <attribution id="wsj_1655_PDTB_annotation_level.xml_set_0">
            <attributionRole roleValue="content"/>
          </attribution>
        </WORD>
      </NP>
      <VP gorn="24,2">
        <WORD ByteCount="3318,3320" gorn="24,2,0" lemma="do" pos="VBP" sentenceWord="2" text="do" word="666">
          <attribution id="wsj_1655_PDTB_annotation_level.xml_set_0">
            <attributionRole roleValue="content"/>
          </attribution>
        </WORD>
        <WORD ByteCount="3320,3323" gorn="24,2,1" lemma="not" pos="RB" sentenceWord="3" text="n't" word="667">
          <attribution id="wsj_1655_PDTB_annotation_level.xml_set_0">
            <attributionRole roleValue="content"/>
          </attribution>
        </WORD>
        <VP gorn="24,2,2">
          <WORD ByteCount="3324,3329" gorn="24,2,2,0" lemma="doubt" pos="VB" sentenceWord="4" text="doubt" word="668">
            <attribution id="wsj_1655_PDTB_annotation_level.xml_set_0">
              <attributionRole roleValue="content"/>
            </attribution>
          </WORD>
          <NP gorn="24,2,2,1">
            <WORD ByteCount="3330,3332" gorn="24,2,2,1,0" lemma="it" pos="PRP" sentenceWord="5" text="it" word="669">
              <attribution id="wsj_1655_PDTB_annotation_level.xml_set_0">
                <attributionRole roleValue="content"/>
              </attribution>
            </WORD>
          </NP>
          <PP gorn="24,2,2,2">
            <WORD ByteCount="3333,3336" gorn="24,2,2,2,0" lemma="for" pos="IN" sentenceWord="6" text="for" word="670">
              <attribution id="wsj_1655_PDTB_annotation_level.xml_set_0">
                <attributionRole roleValue="content"/>
              </attribution>
            </WORD>
            <NP gorn="24,2,2,2,1">
              <WORD ByteCount="3337,3338" gorn="24,2,2,2,1,0" lemma="a" pos="DT" sentenceWord="7" text="a" word="671">
                <attribution id="wsj_1655_PDTB_annotation_level.xml_set_0">
                  <attributionRole roleValue="content"/>
                </attribution>
              </WORD>
              <WORD ByteCount="3339,3345" gorn="24,2,2,2,1,1" lemma="moment" pos="NN" sentenceWord="8" text="moment" word="672">
                <attribution id="wsj_1655_PDTB_annotation_level.xml_set_0">
                  <attributionRole roleValue="content"/>
                </attribution>
              </WORD>
            </NP>
          </PP>
        </VP>
      </VP>
      <WORD ByteCount="3345,3346" gorn="24,3" lemma="." pos="." sentenceWord="9" text="." word="673">
        <attribution id="wsj_1655_PDTB_annotation_level.xml_set_0">
          <attributionRole roleValue="content"/>
        </attribution>
      </WORD>
    </S>
  </SENTENCE>
  <SENTENCE gorn="25">
    <SINV gorn="25">
      <S gorn="25,0">
        <NP gorn="25,0,0">
          <WORD ByteCount="3347,3349" gorn="25,0,0,0" lemma="it" pos="PRP" sentenceWord="0" text="It" word="674">
            <attribution id="wsj_1655_PDTB_annotation_level.xml_set_0">
              <attributionRole roleValue="content"/>
            </attribution>
          </WORD>
        </NP>
        <VP gorn="25,0,1">
          <WORD ByteCount="3350,3354" gorn="25,0,1,0" lemma="do" pos="VBZ" sentenceWord="1" text="does" word="675">
            <attribution id="wsj_1655_PDTB_annotation_level.xml_set_0">
              <attributionRole roleValue="content"/>
            </attribution>
          </WORD>
          <WORD ByteCount="3355,3358" gorn="25,0,1,1" lemma="not" pos="RB" sentenceWord="2" text="not" word="676">
            <attribution id="wsj_1655_PDTB_annotation_level.xml_set_0">
              <attributionRole roleValue="content"/>
            </attribution>
          </WORD>
          <VP gorn="25,0,1,2">
            <WORD ByteCount="3359,3365" gorn="25,0,1,2,0" lemma="matter" pos="VB" sentenceWord="3" text="matter" word="677">
              <attribution id="wsj_1655_PDTB_annotation_level.xml_set_0">
                <attributionRole roleValue="content"/>
              </attribution>
            </WORD>
            <SBAR gorn="25,0,1,2,1">
              <WORD ByteCount="3366,3368" gorn="25,0,1,2,1,0" lemma="if" pos="IN" sentenceWord="4" text="if" word="678">
                <attribution id="wsj_1655_PDTB_annotation_level.xml_set_0">
                  <attributionRole roleValue="content"/>
                </attribution>
              </WORD>
              <S gorn="25,0,1,2,1,1">
                <NP gorn="25,0,1,2,1,1,0">
                  <WORD ByteCount="3369,3372" gorn="25,0,1,2,1,1,0,0" lemma="one" pos="CD" sentenceWord="5" text="one" word="679">
                    <attribution id="wsj_1655_PDTB_annotation_level.xml_set_0">
                      <attributionRole roleValue="content"/>
                    </attribution>
                  </WORD>
                </NP>
                <VP gorn="25,0,1,2,1,1,1">
                  <WORD ByteCount="3373,3375" gorn="25,0,1,2,1,1,1,0" lemma="be" pos="VBZ" sentenceWord="6" text="is" word="680">
                    <attribution id="wsj_1655_PDTB_annotation_level.xml_set_0">
                      <attributionRole roleValue="content"/>
                    </attribution>
                  </WORD>
                  <VP gorn="25,0,1,2,1,1,1,1">
                    <WORD ByteCount="3376,3384" gorn="25,0,1,2,1,1,1,1,0" lemma="defeat" pos="VBN" sentenceWord="7" text="defeated" word="681">
                      <attribution id="wsj_1655_PDTB_annotation_level.xml_set_0">
                        <attributionRole roleValue="content"/>
                      </attribution>
                    </WORD>
                  </VP>
                </VP>
              </S>
            </SBAR>
          </VP>
        </VP>
      </S>
      <WORD ByteCount="3384,3385" gorn="25,1" lemma="," pos="," sentenceWord="8" text="," word="682">
        <attribution id="wsj_1655_PDTB_annotation_level.xml_set_0">
          <attributionRole roleValue="content"/>
        </attribution>
      </WORD>
      <VP gorn="25,2">
        <WORD ByteCount="3386,3394" gorn="25,2,0" lemma="provide" pos="VBD" sentenceWord="9" text="provided" word="683">
          <attribution id="wsj_1655_PDTB_annotation_level.xml_set_0">
            <attributionRole roleValue="content"/>
          </attribution>
        </WORD>
      </VP>
      <NP gorn="25,3">
        <WORD ByteCount="3395,3398" gorn="25,3,0" lemma="the" pos="DT" sentenceWord="10" text="the" word="684">
          <attribution id="wsj_1655_PDTB_annotation_level.xml_set_0">
            <attributionRole roleValue="content"/>
          </attribution>
        </WORD>
        <WORD ByteCount="3399,3403" gorn="25,3,1" lemma="work" pos="NN" sentenceWord="11" text="work" word="685">
          <attribution id="wsj_1655_PDTB_annotation_level.xml_set_0">
            <attributionRole roleValue="content"/>
          </attribution>
        </WORD>
        <SBAR gorn="25,3,2">
          <WHNP gorn="25,3,2,0">
            <WORD ByteCount="3404,3408" gorn="25,3,2,0,0" lemma="that" pos="WDT" sentenceWord="12" text="that" word="686">
              <attribution id="wsj_1655_PDTB_annotation_level.xml_set_0">
                <attributionRole roleValue="content"/>
              </attribution>
            </WORD>
          </WHNP>
          <S gorn="25,3,2,1">
            <VP gorn="25,3,2,1,0">
              <WORD ByteCount="3409,3413" gorn="25,3,2,1,0,0" lemma="get" pos="VBZ" sentenceWord="13" text="gets" word="687">
                <attribution id="wsj_1655_PDTB_annotation_level.xml_set_0">
                  <attributionRole roleValue="content"/>
                </attribution>
              </WORD>
              <SBAR gorn="25,3,2,1,0,1">
                <S gorn="25,3,2,1,0,1,0">
                  <NP gorn="25,3,2,1,0,1,0,0">
                    <WORD ByteCount="3414,3417" gorn="25,3,2,1,0,1,0,0,0" lemma="the" pos="DT" sentenceWord="14" text="the" word="688">
                      <attribution id="wsj_1655_PDTB_annotation_level.xml_set_0">
                        <attributionRole roleValue="content"/>
                      </attribution>
                    </WORD>
                    <WORD ByteCount="3418,3423" gorn="25,3,2,1,0,1,0,0,1" lemma="award" pos="NN" sentenceWord="15" text="award" word="689">
                      <attribution id="wsj_1655_PDTB_annotation_level.xml_set_0">
                        <attributionRole roleValue="content"/>
                      </attribution>
                    </WORD>
                  </NP>
                  <VP gorn="25,3,2,1,0,1,0,1">
                    <WORD ByteCount="3424,3427" gorn="25,3,2,1,0,1,0,1,0" lemma="have" pos="VBZ" sentenceWord="16" text="has" word="690">
                      <attribution id="wsj_1655_PDTB_annotation_level.xml_set_0">
                        <attributionRole roleValue="content"/>
                      </attribution>
                    </WORD>
                    <NP gorn="25,3,2,1,0,1,0,1,1">
                      <WORD ByteCount="3428,3440" gorn="25,3,2,1,0,1,0,1,1,0" lemma="unmistakable" pos="JJ" sentenceWord="17" text="unmistakable" word="691">
                        <attribution id="wsj_1655_PDTB_annotation_level.xml_set_0">
                          <attributionRole roleValue="content"/>
                        </attribution>
                      </WORD>
                      <WORD ByteCount="3441,3450" gorn="25,3,2,1,0,1,0,1,1,1" lemma="quality" pos="NNS" sentenceWord="18" text="qualities" word="692">
                        <attribution id="wsj_1655_PDTB_annotation_level.xml_set_0">
                          <attributionRole roleValue="content"/>
                        </attribution>
                      </WORD>
                    </NP>
                  </VP>
                </S>
              </SBAR>
            </VP>
          </S>
        </SBAR>
      </NP>
      <WORD ByteCount="3450,3451" gorn="25,4" lemma="." pos="." sentenceWord="19" text="." word="693">
        <attribution id="wsj_1655_PDTB_annotation_level.xml_set_0">
          <attributionRole roleValue="content"/>
        </attribution>
      </WORD>
    </SINV>
  </SENTENCE>
  <SENTENCE gorn="26">
    <S gorn="26">
      <SBAR gorn="26,0">
        <WHNP gorn="26,0,0">
          <WORD ByteCount="3452,3456" gorn="26,0,0,0" lemma="what" pos="WP" sentenceWord="0" text="What" word="694">
            <attribution id="wsj_1655_PDTB_annotation_level.xml_set_0">
              <attributionRole roleValue="content"/>
            </attribution>
          </WORD>
        </WHNP>
        <S gorn="26,0,1">
          <VP gorn="26,0,1,0">
            <WORD ByteCount="3456,3458" gorn="26,0,1,0,0" lemma="be" pos="VBZ" sentenceWord="1" text="'s" word="695">
              <attribution id="wsj_1655_PDTB_annotation_level.xml_set_0">
                <attributionRole roleValue="content"/>
              </attribution>
            </WORD>
            <ADJP gorn="26,0,1,0,1">
              <WORD ByteCount="3459,3461" gorn="26,0,1,0,1,0" lemma="so" pos="RB" sentenceWord="2" text="so" word="696">
                <attribution id="wsj_1655_PDTB_annotation_level.xml_set_0">
                  <attributionRole roleValue="content"/>
                </attribution>
              </WORD>
              <WORD ByteCount="3462,3474" gorn="26,0,1,0,1,1" lemma="discouraging" pos="JJ" sentenceWord="3" text="discouraging" word="697">
                <attribution id="wsj_1655_PDTB_annotation_level.xml_set_0">
                  <attributionRole roleValue="content"/>
                </attribution>
              </WORD>
            </ADJP>
          </VP>
        </S>
      </SBAR>
      <VP gorn="26,1">
        <WORD ByteCount="3475,3477" gorn="26,1,0" lemma="be" pos="VBZ" sentenceWord="4" text="is" word="698">
          <attribution id="wsj_1655_PDTB_annotation_level.xml_set_0">
            <attributionRole roleValue="content"/>
          </attribution>
        </WORD>
      </VP>
      <WORD ByteCount="3478,3483" gorn="26,2" lemma="..." pos=":" sentenceWord="5" text="..." word="699">
        <attribution id="wsj_1655_PDTB_annotation_level.xml_set_0">
          <attributionRole roleValue="content"/>
        </attribution>
      </WORD>
      <WORD ByteCount="3483,3484" gorn="26,3" lemma="''" pos="''" sentenceWord="6" text="''" word="700">
        <attribution id="wsj_1655_PDTB_annotation_level.xml_set_0">
          <attributionRole roleValue="content"/>
        </attribution>
      </WORD>
    </S>
  </SENTENCE>
  <SENTENCE gorn="27">
    <S gorn="27">
      <PP gorn="27,0">
        <WORD ByteCount="3487,3489" gorn="27,0,0" lemma="in" pos="IN" sentenceWord="0" text="In" word="701"/>
        <S gorn="27,0,1">
          <VP gorn="27,0,1,0">
            <WORD ByteCount="3490,3497" gorn="27,0,1,0,0" lemma="pass" pos="VBG" sentenceWord="1" text="passing" word="702"/>
            <NP gorn="27,0,1,0,1">
              <WORD ByteCount="3498,3501" gorn="27,0,1,0,1,0" lemma="the" pos="DT" sentenceWord="2" text="the" word="703"/>
              <WORD ByteCount="3502,3508" gorn="27,0,1,0,1,1" lemma="window" pos="NN" sentenceWord="3" text="window" word="704"/>
            </NP>
          </VP>
        </S>
      </PP>
      <WORD ByteCount="3508,3509" gorn="27,1" lemma="," pos="," sentenceWord="4" text="," word="705"/>
      <NP gorn="27,2">
        <WORD ByteCount="3510,3518" gorn="27,2,0" lemma="Senorita" pos="NNP" sentenceWord="5" text="Senorita" word="706"/>
        <WORD ByteCount="3519,3525" gorn="27,2,1" lemma="Elvira" pos="NNP" sentenceWord="6" text="Elvira" word="707"/>
      </NP>
      <VP gorn="27,3">
        <WORD ByteCount="3526,3531" gorn="27,3,0" lemma="give" pos="VBZ" sentenceWord="7" text="gives" word="708"/>
        <NP gorn="27,3,1">
          <WORD ByteCount="3532,3536" gorn="27,3,1,0" lemma="they" pos="PRP" sentenceWord="8" text="them" word="709"/>
        </NP>
        <NP gorn="27,3,2">
          <WORD ByteCount="3537,3538" gorn="27,3,2,0" lemma="a" pos="DT" sentenceWord="9" text="a" word="710"/>
          <WORD ByteCount="3539,3544" gorn="27,3,2,1" lemma="smile" pos="NN" sentenceWord="10" text="smile" word="711"/>
        </NP>
        <WORD ByteCount="3545,3547" gorn="27,3,3" lemma="--" pos=":" sentenceWord="11" text="--" word="712"/>
        <ADVP gorn="27,3,4">
          <WORD ByteCount="3548,3554" gorn="27,3,4,0" lemma="simply" pos="RB" sentenceWord="12" text="simply" word="713"/>
        </ADVP>
        <PP gorn="27,3,5">
          <WORD ByteCount="3555,3558" gorn="27,3,5,0" lemma="out" pos="IN" sentenceWord="13" text="out" word="714"/>
          <PP gorn="27,3,5,1">
            <WORD ByteCount="3559,3561" gorn="27,3,5,1,0" lemma="of" pos="IN" sentenceWord="14" text="of" word="715"/>
            <NP gorn="27,3,5,1,1">
              <WORD ByteCount="3562,3567" gorn="27,3,5,1,1,0" lemma="habit" pos="NN" sentenceWord="15" text="habit" word="716"/>
            </NP>
          </PP>
        </PP>
      </VP>
      <WORD ByteCount="3567,3568" gorn="27,4" lemma="." pos="." sentenceWord="16" text="." word="717"/>
    </S>
  </SENTENCE>
</root>
